[2025-04-30 13:39:21] 批量配置地址工具已启动
[2025-04-30 13:39:21] 已加载 11 个设备
[2025-04-30 13:39:21] 批量配置地址工具已启动
[2025-04-30 13:39:21] 已加载 11 个设备
[2025-04-30 13:39:21] 批量配置地址工具已启动
[2025-04-30 13:39:21] 已加载 11 个设备
[2025-04-30 13:39:22] 批量配置地址工具已启动
[2025-04-30 13:39:22] 已加载 11 个设备
[2025-04-30 13:39:22] 批量配置地址工具已启动
[2025-04-30 13:39:22] 已加载 11 个设备
[2025-04-30 13:39:22] 批量配置地址工具已启动
[2025-04-30 13:39:22] 已加载 11 个设备
[2025-04-30 13:39:22] 批量配置地址工具已启动
[2025-04-30 13:39:22] 已加载 11 个设备
[2025-04-30 13:39:23] 批量配置地址工具已启动
[2025-04-30 13:39:23] 已加载 11 个设备
[2025-04-30 13:39:23] 批量配置地址工具已启动
[2025-04-30 13:39:23] 已加载 11 个设备
[2025-04-30 13:39:23] 批量配置地址工具已启动
[2025-04-30 13:39:23] 已加载 11 个设备
[2025-04-30 13:39:23] 批量配置地址工具已启动
[2025-04-30 13:39:23] 已加载 11 个设备
[2025-04-30 13:39:24] 批量配置地址工具已启动
[2025-04-30 13:39:24] 已加载 11 个设备
[2025-04-30 13:39:24] 批量配置地址工具已启动
[2025-04-30 13:39:24] 已加载 11 个设备
[2025-04-30 13:39:24] 批量配置地址工具已启动
[2025-04-30 13:39:24] 已加载 11 个设备
[2025-04-30 13:39:25] 批量配置地址工具已启动
[2025-04-30 13:39:25] 已加载 11 个设备
[2025-04-30 13:39:25] 批量配置地址工具已启动
[2025-04-30 13:39:25] 已加载 11 个设备
[2025-04-30 13:39:25] 批量配置地址工具已启动
[2025-04-30 13:39:25] 已加载 11 个设备
[2025-04-30 13:39:26] 批量配置地址工具已启动
[2025-04-30 13:39:26] 已加载 11 个设备
[2025-04-30 13:39:38] 正在测试连接到设备: 地域1核心交换机 (10.1.0.3)...
[2025-04-30 13:40:23] 正在测试连接到设备: 地域1核心交换机 (10.1.0.3)...
[2025-04-30 13:40:39] 开始配置设备: 地域1核心交换机 (10.1.0.3)...
[2025-04-30 13:42:10] 开始配置设备: 地域1核心交换机 (10.1.0.3)...
[2025-04-30 13:42:26] 开始配置设备: 地域1核心交换机 (10.1.0.3)...
[2025-04-30 13:42:28] 正在测试连接到设备: 地域1核心交换机 (10.1.0.3)...
[2025-04-30 13:47:33] 批量配置地址工具已启动
[2025-04-30 13:47:33] 已加载 11 个设备
[2025-04-30 13:47:33] 批量配置地址工具已启动
[2025-04-30 13:47:33] 已加载 11 个设备
[2025-04-30 13:47:33] 批量配置地址工具已启动
[2025-04-30 13:47:33] 已加载 11 个设备
[2025-04-30 13:47:33] 批量配置地址工具已启动
[2025-04-30 13:47:33] 已加载 11 个设备
[2025-04-30 13:47:33] 批量配置地址工具已启动
[2025-04-30 13:47:33] 已加载 11 个设备
[2025-04-30 13:47:33] 批量配置地址工具已启动
[2025-04-30 13:47:33] 已加载 11 个设备
[2025-04-30 13:47:33] 批量配置地址工具已启动
[2025-04-30 13:47:33] 已加载 11 个设备
[2025-04-30 13:47:33] 批量配置地址工具已启动
[2025-04-30 13:47:33] 已加载 11 个设备
[2025-04-30 13:47:33] 批量配置地址工具已启动
[2025-04-30 13:47:33] 已加载 11 个设备
[2025-04-30 13:51:47] 批量配置地址工具已启动
[2025-04-30 13:51:47] 已加载 11 个设备
[2025-04-30 13:51:49] 正在测试连接到设备: 地域1核心交换机 (10.1.0.3)...
[2025-04-30 13:51:49] 正在连接到设备 10.1.0.3...
[2025-04-30 13:51:57] 连接成功: 成功连接到设备 10.1.0.3
[2025-04-30 13:52:19] 开始配置设备: 地域1核心交换机 (10.1.0.3)...
[2025-04-30 13:52:19] 正在连接到设备 10.1.0.3...
[2025-04-30 13:52:26] 成功连接到设备 10.1.0.3
[2025-04-30 13:52:26] 进入系统视图...
[2025-04-30 13:52:42] 配置失败: Search pattern never detected in send_command: <LSW1>
[2025-04-30 13:52:42] Traceback (most recent call last):
  File "d:\5EDemocache\c4\AutoDevOpsSystem V1.0\modules\Batch_configuration_of_addresses\Batch_configuration_of_addresses.py", line 110, in _apply_batch_config_thread
    connection.send_command("system-view")
  File "D:\5EDemocache\c4\AutoDevOpsSystem V1.0\venv\lib\site-packages\netmiko\utilities.py", line 430, in wrapper_decorator
    return func(self, *args, **kwargs)
  File "D:\5EDemocache\c4\AutoDevOpsSystem V1.0\venv\lib\site-packages\netmiko\base_connection.py", line 1529, in send_command
    raise IOError(
OSError: Search pattern never detected in send_command: <LSW1>

[2025-04-30 13:52:42] 配置失败: 配置失败: Search pattern never detected in send_command: <LSW1>
[2025-04-30 13:56:44] 批量配置地址工具已启动
[2025-04-30 13:56:44] 已加载 11 个设备
[2025-04-30 13:57:11] 开始配置设备: 地域1核心交换机 (10.1.0.3)...
[2025-04-30 13:57:11] 正在连接到设备 10.1.0.3...
[2025-04-30 13:57:19] 成功连接到设备 10.1.0.3
[2025-04-30 13:57:19] 进入系统视图...
[2025-04-30 13:57:21] 正在配置端口 G0/0/19 和 VLAN 650...
[2025-04-30 13:57:21] 创建VLAN 650...
[2025-04-30 13:57:37] 配置失败: Search pattern never detected in send_command: \[LSW1\]
[2025-04-30 13:57:37] Traceback (most recent call last):
  File "d:\5EDemocache\c4\AutoDevOpsSystem V1.0\modules\Batch_configuration_of_addresses\Batch_configuration_of_addresses.py", line 122, in _apply_batch_config_thread
    output = connection.send_command(f"vlan {current_vlan}")
  File "D:\5EDemocache\c4\AutoDevOpsSystem V1.0\venv\lib\site-packages\netmiko\utilities.py", line 430, in wrapper_decorator
    return func(self, *args, **kwargs)
  File "D:\5EDemocache\c4\AutoDevOpsSystem V1.0\venv\lib\site-packages\netmiko\base_connection.py", line 1529, in send_command
    raise IOError(
OSError: Search pattern never detected in send_command: \[LSW1\]

[2025-04-30 13:57:37] 配置失败: 配置失败: Search pattern never detected in send_command: \[LSW1\]
[2025-04-30 13:58:26] 批量配置地址工具已启动
[2025-04-30 13:58:26] 已加载 11 个设备
[2025-04-30 13:58:47] 开始配置设备: 地域1核心交换机 (10.1.0.3)...
[2025-04-30 13:58:47] 正在连接到设备 10.1.0.3...
[2025-04-30 13:58:54] 成功连接到设备 10.1.0.3
[2025-04-30 13:58:54] 进入系统视图...
[2025-04-30 13:58:56] 正在配置端口 G0/0/19 和 VLAN 650...
[2025-04-30 13:58:56] 创建VLAN 650...
[2025-04-30 13:58:58] 配置端口 G0/0/19 加入VLAN 650...
[2025-04-30 13:59:15] 配置失败: Search pattern never detected in send_command: \[LSW1\-vlan650\]
[2025-04-30 13:59:15] Traceback (most recent call last):
  File "d:\5EDemocache\c4\AutoDevOpsSystem V1.0\modules\Batch_configuration_of_addresses\Batch_configuration_of_addresses.py", line 129, in _apply_batch_config_thread
    connection.send_command(f"interface {current_port}")
  File "D:\5EDemocache\c4\AutoDevOpsSystem V1.0\venv\lib\site-packages\netmiko\utilities.py", line 430, in wrapper_decorator
    return func(self, *args, **kwargs)
  File "D:\5EDemocache\c4\AutoDevOpsSystem V1.0\venv\lib\site-packages\netmiko\base_connection.py", line 1529, in send_command
    raise IOError(
OSError: Search pattern never detected in send_command: \[LSW1\-vlan650\]

[2025-04-30 13:59:15] 配置失败: 配置失败: Search pattern never detected in send_command: \[LSW1\-vlan650\]
[2025-04-30 14:00:00] 批量配置地址工具已启动
[2025-04-30 14:00:00] 已加载 11 个设备
[2025-04-30 14:00:15] 开始配置设备: 地域1核心交换机 (10.1.0.3)...
[2025-04-30 14:00:15] 正在连接到设备 10.1.0.3...
[2025-04-30 14:00:22] 成功连接到设备 10.1.0.3
[2025-04-30 14:00:22] 进入系统视图...
[2025-04-30 14:00:24] 正在配置端口 G0/0/19 和 VLAN 650...
[2025-04-30 14:00:24] 创建VLAN 650...
[2025-04-30 14:00:27] 配置端口 G0/0/19 加入VLAN 650...
[2025-04-30 14:00:49] 配置失败: Search pattern never detected in send_command: \[LSW1\-GigabitEthernet0/0/19\]
[2025-04-30 14:00:49] Traceback (most recent call last):
  File "d:\5EDemocache\c4\AutoDevOpsSystem V1.0\modules\Batch_configuration_of_addresses\Batch_configuration_of_addresses.py", line 137, in _apply_batch_config_thread
    connection.send_command("quit")
  File "D:\5EDemocache\c4\AutoDevOpsSystem V1.0\venv\lib\site-packages\netmiko\utilities.py", line 430, in wrapper_decorator
    return func(self, *args, **kwargs)
  File "D:\5EDemocache\c4\AutoDevOpsSystem V1.0\venv\lib\site-packages\netmiko\base_connection.py", line 1529, in send_command
    raise IOError(
OSError: Search pattern never detected in send_command: \[LSW1\-GigabitEthernet0/0/19\]

[2025-04-30 14:00:49] 配置失败: 配置失败: Search pattern never detected in send_command: \[LSW1\-GigabitEthernet0/0/19\]
[2025-04-30 14:04:56] 批量配置地址工具已启动
[2025-04-30 14:04:56] 已加载 11 个设备
[2025-04-30 14:05:13] 开始配置设备: 地域1核心交换机 (10.1.0.3)...
[2025-04-30 14:05:13] 正在连接到设备 10.1.0.3...
[2025-04-30 14:05:20] 成功连接到设备 10.1.0.3
[2025-04-30 14:05:20] 进入系统视图...
[2025-04-30 14:05:23] 正在配置端口 G0/0/19 和 VLAN 250...
[2025-04-30 14:05:23] 创建VLAN 250...
[2025-04-30 14:05:25] 配置端口 G0/0/19 加入VLAN 250...
[2025-04-30 14:05:47] 配置失败: Search pattern never detected in send_command: \[LSW1\-GigabitEthernet0/0/19\]
[2025-04-30 14:05:47] Traceback (most recent call last):
  File "d:\5EDemocache\c4\AutoDevOpsSystem V1.0\modules\Batch_configuration_of_addresses\Batch_configuration_of_addresses.py", line 137, in _apply_batch_config_thread
    connection.send_command("quit")
  File "D:\5EDemocache\c4\AutoDevOpsSystem V1.0\venv\lib\site-packages\netmiko\utilities.py", line 430, in wrapper_decorator
    return func(self, *args, **kwargs)
  File "D:\5EDemocache\c4\AutoDevOpsSystem V1.0\venv\lib\site-packages\netmiko\base_connection.py", line 1529, in send_command
    raise IOError(
OSError: Search pattern never detected in send_command: \[LSW1\-GigabitEthernet0/0/19\]

[2025-04-30 14:05:47] 配置失败: 配置失败: Search pattern never detected in send_command: \[LSW1\-GigabitEthernet0/0/19\]
[2025-04-30 14:07:46] 批量配置地址工具已启动
[2025-04-30 14:07:46] 已加载 11 个设备
[2025-04-30 14:08:03] 开始配置设备: 地域1核心交换机 (10.1.0.3)...
[2025-04-30 14:08:03] 正在连接到设备 10.1.0.3...
[2025-04-30 14:08:10] 成功连接到设备 10.1.0.3
[2025-04-30 14:08:10] 进入系统视图...
[2025-04-30 14:08:12] 正在配置端口 G0/0/19 和 VLAN 250...
[2025-04-30 14:08:12] 创建VLAN 250...
[2025-04-30 14:08:14] 配置端口 G0/0/19 加入VLAN 250...
[2025-04-30 14:08:23] 配置VLAN接口 Vlanif250 的IP地址为 192.168.30.2/24...
[2025-04-30 14:08:32] 端口 G0/0/19 和 VLAN 250 配置完成
[2025-04-30 14:08:32] 正在配置端口 G0/0/20 和 VLAN 251...
[2025-04-30 14:08:32] 创建VLAN 251...
[2025-04-30 14:08:34] 配置端口 G0/0/20 加入VLAN 251...
[2025-04-30 14:08:43] 配置VLAN接口 Vlanif251 的IP地址为 192.168.30.3/24...
[2025-04-30 14:08:47] 配置VLAN接口 Vlanif251 失败: Error: The specified address conflicts with another address.
[2025-04-30 14:08:49] 正在保存配置...
[2025-04-30 14:08:56] 配置成功: 成功完成批量配置，共配置了 2 个端口
[2025-04-30 14:09:26] 批量配置地址工具已启动
[2025-04-30 14:09:26] 已加载 11 个设备
[2025-04-30 14:09:27] 批量配置地址工具已启动
[2025-04-30 14:09:27] 已加载 11 个设备
[2025-04-30 14:09:27] 批量配置地址工具已启动
[2025-04-30 14:09:27] 已加载 11 个设备
[2025-04-30 14:09:27] 批量配置地址工具已启动
[2025-04-30 14:09:27] 已加载 11 个设备
[2025-04-30 14:09:27] 批量配置地址工具已启动
[2025-04-30 14:09:27] 已加载 11 个设备
[2025-04-30 14:09:28] 批量配置地址工具已启动
[2025-04-30 14:09:28] 已加载 11 个设备
[2025-04-30 14:09:28] 批量配置地址工具已启动
[2025-04-30 14:09:28] 已加载 11 个设备
[2025-04-30 14:09:28] 批量配置地址工具已启动
[2025-04-30 14:09:28] 已加载 11 个设备
[2025-04-30 14:09:28] 批量配置地址工具已启动
[2025-04-30 14:09:28] 已加载 11 个设备
[2025-04-30 14:09:29] 批量配置地址工具已启动
[2025-04-30 14:09:29] 已加载 11 个设备
[2025-04-30 14:09:29] 批量配置地址工具已启动
[2025-04-30 14:09:29] 已加载 11 个设备
[2025-04-30 14:09:29] 批量配置地址工具已启动
[2025-04-30 14:09:29] 已加载 11 个设备
[2025-04-30 14:09:29] 批量配置地址工具已启动
[2025-04-30 14:09:29] 已加载 11 个设备
[2025-04-30 14:09:30] 批量配置地址工具已启动
[2025-04-30 14:09:30] 已加载 11 个设备
[2025-04-30 14:09:30] 批量配置地址工具已启动
[2025-04-30 14:09:30] 已加载 11 个设备
[2025-04-30 14:09:30] 批量配置地址工具已启动
[2025-04-30 14:09:30] 已加载 11 个设备
[2025-04-30 14:09:30] 批量配置地址工具已启动
[2025-04-30 14:09:30] 已加载 11 个设备
[2025-04-30 14:09:30] 批量配置地址工具已启动
[2025-04-30 14:09:30] 已加载 11 个设备
[2025-04-30 14:10:16] 开始配置设备: 地域1核心交换机 (10.1.0.3)...
[2025-04-30 14:17:31] 批量配置地址工具已启动
[2025-04-30 14:17:31] 已加载 11 个设备
[2025-04-30 14:17:31] 批量配置地址工具已启动
[2025-04-30 14:17:31] 已加载 11 个设备
[2025-04-30 14:17:32] 批量配置地址工具已启动
[2025-04-30 14:17:32] 已加载 11 个设备
[2025-04-30 14:17:32] 批量配置地址工具已启动
[2025-04-30 14:17:32] 已加载 11 个设备
[2025-04-30 14:17:33] 批量配置地址工具已启动
[2025-04-30 14:17:33] 已加载 11 个设备
[2025-04-30 14:17:33] 批量配置地址工具已启动
[2025-04-30 14:17:33] 已加载 11 个设备
[2025-04-30 14:17:33] 批量配置地址工具已启动
[2025-04-30 14:17:33] 已加载 11 个设备
[2025-04-30 14:17:34] 批量配置地址工具已启动
[2025-04-30 14:17:34] 已加载 11 个设备
[2025-04-30 14:17:34] 批量配置地址工具已启动
[2025-04-30 14:17:34] 已加载 11 个设备
[2025-04-30 14:17:34] 批量配置地址工具已启动
[2025-04-30 14:17:34] 已加载 11 个设备
[2025-04-30 14:17:34] 批量配置地址工具已启动
[2025-04-30 14:17:34] 已加载 11 个设备
[2025-04-30 14:17:35] 批量配置地址工具已启动
[2025-04-30 14:17:35] 已加载 11 个设备
[2025-04-30 14:17:35] 批量配置地址工具已启动
[2025-04-30 14:17:35] 已加载 11 个设备
[2025-04-30 14:17:35] 批量配置地址工具已启动
[2025-04-30 14:17:35] 已加载 11 个设备
[2025-04-30 14:17:35] 批量配置地址工具已启动
[2025-04-30 14:17:35] 已加载 11 个设备
[2025-04-30 14:17:36] 批量配置地址工具已启动
[2025-04-30 14:17:36] 已加载 11 个设备
[2025-04-30 14:17:36] 批量配置地址工具已启动
[2025-04-30 14:17:36] 已加载 11 个设备
[2025-04-30 14:17:36] 批量配置地址工具已启动
[2025-04-30 14:17:36] 已加载 11 个设备
[2025-04-30 14:17:59] 开始配置设备: 地域1核心交换机 (10.1.0.3)...
[2025-04-30 14:42:44] 批量配置地址工具已启动
[2025-04-30 14:42:44] 已加载 11 个设备
[2025-04-30 14:42:45] 批量配置地址工具已启动
[2025-04-30 14:42:45] 已加载 11 个设备
[2025-04-30 14:42:45] 批量配置地址工具已启动
[2025-04-30 14:42:45] 已加载 11 个设备
[2025-04-30 14:42:45] 批量配置地址工具已启动
[2025-04-30 14:42:45] 已加载 11 个设备
[2025-04-30 14:42:46] 批量配置地址工具已启动
[2025-04-30 14:42:46] 已加载 11 个设备
[2025-04-30 14:42:46] 批量配置地址工具已启动
[2025-04-30 14:42:46] 已加载 11 个设备
[2025-04-30 14:42:46] 批量配置地址工具已启动
[2025-04-30 14:42:46] 已加载 11 个设备
[2025-04-30 14:42:47] 批量配置地址工具已启动
[2025-04-30 14:42:47] 已加载 11 个设备
[2025-04-30 14:42:47] 批量配置地址工具已启动
[2025-04-30 14:42:47] 已加载 11 个设备
[2025-04-30 14:42:47] 批量配置地址工具已启动
[2025-04-30 14:42:47] 已加载 11 个设备
[2025-04-30 14:42:47] 批量配置地址工具已启动
[2025-04-30 14:42:47] 已加载 11 个设备
[2025-04-30 14:42:48] 批量配置地址工具已启动
[2025-04-30 14:42:48] 已加载 11 个设备
[2025-04-30 14:42:48] 批量配置地址工具已启动
[2025-04-30 14:42:48] 已加载 11 个设备
[2025-04-30 14:42:48] 批量配置地址工具已启动
[2025-04-30 14:42:48] 已加载 11 个设备
[2025-04-30 14:42:48] 批量配置地址工具已启动
[2025-04-30 14:42:48] 已加载 11 个设备
[2025-04-30 14:42:49] 批量配置地址工具已启动
[2025-04-30 14:42:49] 已加载 11 个设备
[2025-04-30 14:42:49] 批量配置地址工具已启动
[2025-04-30 14:42:49] 已加载 11 个设备
[2025-04-30 14:42:49] 批量配置地址工具已启动
[2025-04-30 14:42:49] 已加载 11 个设备
[2025-04-30 14:43:20] 开始配置设备: 地域1核心交换机 (10.1.0.3)...
[2025-04-30 14:49:21] 批量配置地址工具已启动
[2025-04-30 14:49:21] 已加载 11 个设备
[2025-04-30 14:49:22] 批量配置地址工具已启动
[2025-04-30 14:49:22] 已加载 11 个设备
[2025-04-30 14:49:22] 批量配置地址工具已启动
[2025-04-30 14:49:22] 已加载 11 个设备
[2025-04-30 14:49:22] 批量配置地址工具已启动
[2025-04-30 14:49:22] 已加载 11 个设备
[2025-04-30 14:49:22] 批量配置地址工具已启动
[2025-04-30 14:49:22] 已加载 11 个设备
[2025-04-30 14:49:23] 批量配置地址工具已启动
[2025-04-30 14:49:23] 已加载 11 个设备
[2025-04-30 14:49:23] 批量配置地址工具已启动
[2025-04-30 14:49:23] 已加载 11 个设备
[2025-04-30 14:49:23] 批量配置地址工具已启动
[2025-04-30 14:49:23] 已加载 11 个设备
[2025-04-30 14:49:24] 批量配置地址工具已启动
[2025-04-30 14:49:24] 已加载 11 个设备
[2025-04-30 14:49:24] 批量配置地址工具已启动
[2025-04-30 14:49:24] 已加载 11 个设备
[2025-04-30 14:49:24] 批量配置地址工具已启动
[2025-04-30 14:49:24] 已加载 11 个设备
[2025-04-30 14:49:24] 批量配置地址工具已启动
[2025-04-30 14:49:24] 已加载 11 个设备
[2025-04-30 14:49:24] 批量配置地址工具已启动
[2025-04-30 14:49:24] 已加载 11 个设备
[2025-04-30 14:49:25] 批量配置地址工具已启动
[2025-04-30 14:49:25] 已加载 11 个设备
[2025-04-30 14:49:25] 批量配置地址工具已启动
[2025-04-30 14:49:25] 已加载 11 个设备
[2025-04-30 14:49:25] 批量配置地址工具已启动
[2025-04-30 14:49:25] 已加载 11 个设备
[2025-04-30 14:49:25] 批量配置地址工具已启动
[2025-04-30 14:49:25] 已加载 11 个设备
[2025-04-30 14:49:26] 批量配置地址工具已启动
[2025-04-30 14:49:26] 已加载 11 个设备
[2025-04-30 14:50:09] 开始配置设备: 地域1核心交换机 (10.1.0.3)...
[2025-04-30 14:51:25] 批量配置地址工具已启动
[2025-04-30 14:51:25] 已加载 11 个设备
[2025-04-30 14:51:25] 批量配置地址工具已启动
[2025-04-30 14:51:25] 已加载 11 个设备
[2025-04-30 14:51:26] 批量配置地址工具已启动
[2025-04-30 14:51:26] 已加载 11 个设备
[2025-04-30 14:51:26] 批量配置地址工具已启动
[2025-04-30 14:51:26] 已加载 11 个设备
[2025-04-30 14:51:26] 批量配置地址工具已启动
[2025-04-30 14:51:26] 已加载 11 个设备
[2025-04-30 14:51:26] 批量配置地址工具已启动
[2025-04-30 14:51:26] 已加载 11 个设备
[2025-04-30 14:51:27] 批量配置地址工具已启动
[2025-04-30 14:51:27] 已加载 11 个设备
[2025-04-30 14:51:27] 批量配置地址工具已启动
[2025-04-30 14:51:27] 已加载 11 个设备
[2025-04-30 14:51:27] 批量配置地址工具已启动
[2025-04-30 14:51:27] 已加载 11 个设备
[2025-04-30 14:51:27] 批量配置地址工具已启动
[2025-04-30 14:51:27] 已加载 11 个设备
[2025-04-30 14:51:28] 批量配置地址工具已启动
[2025-04-30 14:51:28] 已加载 11 个设备
[2025-04-30 14:51:28] 批量配置地址工具已启动
[2025-04-30 14:51:28] 已加载 11 个设备
[2025-04-30 14:51:28] 批量配置地址工具已启动
[2025-04-30 14:51:28] 已加载 11 个设备
[2025-04-30 14:51:29] 批量配置地址工具已启动
[2025-04-30 14:51:29] 已加载 11 个设备
[2025-04-30 14:51:29] 批量配置地址工具已启动
[2025-04-30 14:51:29] 已加载 11 个设备
[2025-04-30 14:51:29] 批量配置地址工具已启动
[2025-04-30 14:51:29] 已加载 11 个设备
[2025-04-30 14:51:30] 批量配置地址工具已启动
[2025-04-30 14:51:30] 已加载 11 个设备
[2025-04-30 14:51:30] 批量配置地址工具已启动
[2025-04-30 14:51:30] 已加载 11 个设备
[2025-04-30 14:51:52] 开始配置设备: 地域1核心交换机 (10.1.0.3)...
[2025-04-30 14:54:35] 批量配置地址工具已启动
[2025-04-30 14:54:35] 已加载 11 个设备
[2025-04-30 14:54:35] 批量配置地址工具已启动
[2025-04-30 14:54:35] 已加载 11 个设备
[2025-04-30 14:54:36] 批量配置地址工具已启动
[2025-04-30 14:54:36] 已加载 11 个设备
[2025-04-30 14:54:36] 批量配置地址工具已启动
[2025-04-30 14:54:36] 已加载 11 个设备
[2025-04-30 14:54:36] 批量配置地址工具已启动
[2025-04-30 14:54:36] 已加载 11 个设备
[2025-04-30 14:54:36] 批量配置地址工具已启动
[2025-04-30 14:54:36] 已加载 11 个设备
[2025-04-30 14:54:37] 批量配置地址工具已启动
[2025-04-30 14:54:37] 已加载 11 个设备
[2025-04-30 14:54:37] 批量配置地址工具已启动
[2025-04-30 14:54:37] 已加载 11 个设备
[2025-04-30 14:54:37] 批量配置地址工具已启动
[2025-04-30 14:54:37] 已加载 11 个设备
[2025-04-30 14:54:37] 批量配置地址工具已启动
[2025-04-30 14:54:37] 已加载 11 个设备
[2025-04-30 14:54:38] 批量配置地址工具已启动
[2025-04-30 14:54:38] 已加载 11 个设备
[2025-04-30 14:54:38] 批量配置地址工具已启动
[2025-04-30 14:54:38] 已加载 11 个设备
[2025-04-30 14:54:38] 批量配置地址工具已启动
[2025-04-30 14:54:38] 已加载 11 个设备
[2025-04-30 14:54:38] 批量配置地址工具已启动
[2025-04-30 14:54:38] 已加载 11 个设备
[2025-04-30 14:54:39] 批量配置地址工具已启动
[2025-04-30 14:54:39] 已加载 11 个设备
[2025-04-30 14:54:39] 批量配置地址工具已启动
[2025-04-30 14:54:39] 已加载 11 个设备
[2025-04-30 14:54:39] 批量配置地址工具已启动
[2025-04-30 14:54:39] 已加载 11 个设备
[2025-04-30 14:54:39] 批量配置地址工具已启动
[2025-04-30 14:54:39] 已加载 11 个设备
[2025-04-30 14:55:12] 开始配置设备: 地域1核心交换机 (10.1.0.3)...
[2025-04-30 14:58:10] 批量配置地址工具已启动
[2025-04-30 14:58:10] 已加载 11 个设备
[2025-04-30 14:58:10] 批量配置地址工具已启动
[2025-04-30 14:58:10] 已加载 11 个设备
[2025-04-30 14:58:10] 批量配置地址工具已启动
[2025-04-30 14:58:10] 已加载 11 个设备
[2025-04-30 14:58:11] 批量配置地址工具已启动
[2025-04-30 14:58:11] 已加载 11 个设备
[2025-04-30 14:58:11] 批量配置地址工具已启动
[2025-04-30 14:58:11] 已加载 11 个设备
[2025-04-30 14:58:11] 批量配置地址工具已启动
[2025-04-30 14:58:11] 已加载 11 个设备
[2025-04-30 14:58:11] 批量配置地址工具已启动
[2025-04-30 14:58:11] 已加载 11 个设备
[2025-04-30 14:58:12] 批量配置地址工具已启动
[2025-04-30 14:58:12] 已加载 11 个设备
[2025-04-30 14:58:12] 批量配置地址工具已启动
[2025-04-30 14:58:12] 已加载 11 个设备
[2025-04-30 14:58:12] 批量配置地址工具已启动
[2025-04-30 14:58:12] 已加载 11 个设备
[2025-04-30 14:58:12] 批量配置地址工具已启动
[2025-04-30 14:58:12] 已加载 11 个设备
[2025-04-30 14:58:13] 批量配置地址工具已启动
[2025-04-30 14:58:13] 已加载 11 个设备
[2025-04-30 14:58:13] 批量配置地址工具已启动
[2025-04-30 14:58:13] 已加载 11 个设备
[2025-04-30 14:58:13] 批量配置地址工具已启动
[2025-04-30 14:58:13] 已加载 11 个设备
[2025-04-30 14:58:14] 批量配置地址工具已启动
[2025-04-30 14:58:14] 已加载 11 个设备
[2025-04-30 14:58:14] 批量配置地址工具已启动
[2025-04-30 14:58:14] 已加载 11 个设备
[2025-04-30 14:58:14] 批量配置地址工具已启动
[2025-04-30 14:58:14] 已加载 11 个设备
[2025-04-30 14:58:14] 批量配置地址工具已启动
[2025-04-30 14:58:14] 已加载 11 个设备
[2025-04-30 14:58:43] 开始配置设备: 地域1核心交换机 (10.1.0.3)...
[2025-04-30 15:01:19] 批量配置地址工具已启动
[2025-04-30 15:01:19] 已加载 11 个设备
[2025-04-30 15:01:20] 批量配置地址工具已启动
[2025-04-30 15:01:20] 已加载 11 个设备
[2025-04-30 15:01:20] 批量配置地址工具已启动
[2025-04-30 15:01:20] 已加载 11 个设备
[2025-04-30 15:01:20] 批量配置地址工具已启动
[2025-04-30 15:01:20] 已加载 11 个设备
[2025-04-30 15:01:21] 批量配置地址工具已启动
[2025-04-30 15:01:21] 已加载 11 个设备
[2025-04-30 15:01:21] 批量配置地址工具已启动
[2025-04-30 15:01:21] 已加载 11 个设备
[2025-04-30 15:01:21] 批量配置地址工具已启动
[2025-04-30 15:01:21] 已加载 11 个设备
[2025-04-30 15:01:21] 批量配置地址工具已启动
[2025-04-30 15:01:21] 已加载 11 个设备
[2025-04-30 15:01:22] 批量配置地址工具已启动
[2025-04-30 15:01:22] 已加载 11 个设备
[2025-04-30 15:01:22] 批量配置地址工具已启动
[2025-04-30 15:01:22] 已加载 11 个设备
[2025-04-30 15:01:22] 批量配置地址工具已启动
[2025-04-30 15:01:22] 已加载 11 个设备
[2025-04-30 15:01:22] 批量配置地址工具已启动
[2025-04-30 15:01:22] 已加载 11 个设备
[2025-04-30 15:01:23] 批量配置地址工具已启动
[2025-04-30 15:01:23] 已加载 11 个设备
[2025-04-30 15:01:23] 批量配置地址工具已启动
[2025-04-30 15:01:23] 已加载 11 个设备
[2025-04-30 15:01:23] 批量配置地址工具已启动
[2025-04-30 15:01:23] 已加载 11 个设备
[2025-04-30 15:01:23] 批量配置地址工具已启动
[2025-04-30 15:01:23] 已加载 11 个设备
[2025-04-30 15:01:24] 批量配置地址工具已启动
[2025-04-30 15:01:24] 已加载 11 个设备
[2025-04-30 15:01:24] 批量配置地址工具已启动
[2025-04-30 15:01:24] 已加载 11 个设备
[2025-04-30 15:01:52] 开始配置设备: 地域1核心交换机 (10.1.0.3)...
[2025-04-30 15:11:05] 批量配置地址工具已启动
[2025-04-30 15:11:05] 已加载 11 个设备
[2025-04-30 15:11:06] 批量配置地址工具已启动
[2025-04-30 15:11:06] 已加载 11 个设备
[2025-04-30 15:11:06] 批量配置地址工具已启动
[2025-04-30 15:11:06] 已加载 11 个设备
[2025-04-30 15:11:06] 批量配置地址工具已启动
[2025-04-30 15:11:06] 已加载 11 个设备
[2025-04-30 15:11:07] 批量配置地址工具已启动
[2025-04-30 15:11:07] 已加载 11 个设备
[2025-04-30 15:11:07] 批量配置地址工具已启动
[2025-04-30 15:11:07] 已加载 11 个设备
[2025-04-30 15:11:07] 批量配置地址工具已启动
[2025-04-30 15:11:07] 已加载 11 个设备
[2025-04-30 15:11:07] 批量配置地址工具已启动
[2025-04-30 15:11:07] 已加载 11 个设备
[2025-04-30 15:11:08] 批量配置地址工具已启动
[2025-04-30 15:11:08] 已加载 11 个设备
[2025-04-30 15:11:08] 批量配置地址工具已启动
[2025-04-30 15:11:08] 已加载 11 个设备
[2025-04-30 15:11:08] 批量配置地址工具已启动
[2025-04-30 15:11:08] 已加载 11 个设备
[2025-04-30 15:11:08] 批量配置地址工具已启动
[2025-04-30 15:11:08] 已加载 11 个设备
[2025-04-30 15:11:09] 批量配置地址工具已启动
[2025-04-30 15:11:09] 已加载 11 个设备
[2025-04-30 15:11:09] 批量配置地址工具已启动
[2025-04-30 15:11:09] 已加载 11 个设备
[2025-04-30 15:11:10] 批量配置地址工具已启动
[2025-04-30 15:11:10] 已加载 11 个设备
[2025-04-30 15:11:10] 批量配置地址工具已启动
[2025-04-30 15:11:10] 已加载 11 个设备
[2025-04-30 15:11:10] 批量配置地址工具已启动
[2025-04-30 15:11:10] 已加载 11 个设备
[2025-04-30 15:11:11] 批量配置地址工具已启动
[2025-04-30 15:11:11] 已加载 11 个设备
[2025-04-30 15:13:06] 批量配置地址工具已启动
[2025-04-30 15:13:06] 已加载 11 个设备
[2025-04-30 15:13:07] 批量配置地址工具已启动
[2025-04-30 15:13:07] 已加载 11 个设备
[2025-04-30 15:13:07] 批量配置地址工具已启动
[2025-04-30 15:13:07] 已加载 11 个设备
[2025-04-30 15:13:07] 批量配置地址工具已启动
[2025-04-30 15:13:07] 已加载 11 个设备
[2025-04-30 15:13:08] 批量配置地址工具已启动
[2025-04-30 15:13:08] 已加载 11 个设备
[2025-04-30 15:13:08] 批量配置地址工具已启动
[2025-04-30 15:13:08] 已加载 11 个设备
[2025-04-30 15:13:08] 批量配置地址工具已启动
[2025-04-30 15:13:08] 已加载 11 个设备
[2025-04-30 15:13:08] 批量配置地址工具已启动
[2025-04-30 15:13:08] 已加载 11 个设备
[2025-04-30 15:13:09] 批量配置地址工具已启动
[2025-04-30 15:13:09] 已加载 11 个设备
[2025-04-30 15:13:09] 批量配置地址工具已启动
[2025-04-30 15:13:09] 已加载 11 个设备
[2025-04-30 15:13:09] 批量配置地址工具已启动
[2025-04-30 15:13:09] 已加载 11 个设备
[2025-04-30 15:13:09] 批量配置地址工具已启动
[2025-04-30 15:13:09] 已加载 11 个设备
[2025-04-30 15:13:10] 批量配置地址工具已启动
[2025-04-30 15:13:10] 已加载 11 个设备
[2025-04-30 15:13:10] 批量配置地址工具已启动
[2025-04-30 15:13:10] 已加载 11 个设备
[2025-04-30 15:13:10] 批量配置地址工具已启动
[2025-04-30 15:13:10] 已加载 11 个设备
[2025-04-30 15:13:10] 批量配置地址工具已启动
[2025-04-30 15:13:10] 已加载 11 个设备
[2025-04-30 15:13:11] 批量配置地址工具已启动
[2025-04-30 15:13:11] 已加载 11 个设备
[2025-04-30 15:13:11] 批量配置地址工具已启动
[2025-04-30 15:13:11] 已加载 11 个设备
[2025-04-30 15:13:39] 开始配置设备: 地域1核心交换机 (10.1.0.3)...
[2025-04-30 15:14:05] 正在测试连接到设备: 地域1核心交换机 (10.1.0.3)...
[2025-04-30 15:15:29] 批量配置地址工具已启动
[2025-04-30 15:15:29] 已加载 11 个设备
[2025-04-30 15:15:30] 批量配置地址工具已启动
[2025-04-30 15:15:30] 已加载 11 个设备
[2025-04-30 15:15:30] 批量配置地址工具已启动
[2025-04-30 15:15:30] 已加载 11 个设备
[2025-04-30 15:15:30] 批量配置地址工具已启动
[2025-04-30 15:15:30] 已加载 11 个设备
[2025-04-30 15:15:30] 批量配置地址工具已启动
[2025-04-30 15:15:30] 已加载 11 个设备
[2025-04-30 15:15:31] 批量配置地址工具已启动
[2025-04-30 15:15:31] 已加载 11 个设备
[2025-04-30 15:15:31] 批量配置地址工具已启动
[2025-04-30 15:15:31] 已加载 11 个设备
[2025-04-30 15:15:31] 批量配置地址工具已启动
[2025-04-30 15:15:31] 已加载 11 个设备
[2025-04-30 15:15:32] 批量配置地址工具已启动
[2025-04-30 15:15:32] 已加载 11 个设备
[2025-04-30 15:15:32] 批量配置地址工具已启动
[2025-04-30 15:15:32] 已加载 11 个设备
[2025-04-30 15:15:32] 批量配置地址工具已启动
[2025-04-30 15:15:32] 已加载 11 个设备
[2025-04-30 15:15:32] 批量配置地址工具已启动
[2025-04-30 15:15:32] 已加载 11 个设备
[2025-04-30 15:15:33] 批量配置地址工具已启动
[2025-04-30 15:15:33] 已加载 11 个设备
[2025-04-30 15:15:33] 批量配置地址工具已启动
[2025-04-30 15:15:33] 已加载 11 个设备
[2025-04-30 15:15:33] 批量配置地址工具已启动
[2025-04-30 15:15:33] 已加载 11 个设备
[2025-04-30 15:15:33] 批量配置地址工具已启动
[2025-04-30 15:15:33] 已加载 11 个设备
[2025-04-30 15:15:34] 批量配置地址工具已启动
[2025-04-30 15:15:34] 已加载 11 个设备
[2025-04-30 15:15:34] 批量配置地址工具已启动
[2025-04-30 15:15:34] 已加载 11 个设备
[2025-04-30 15:18:53] 批量配置地址工具已启动
[2025-04-30 15:18:53] 已加载 11 个设备
[2025-04-30 15:18:54] 批量配置地址工具已启动
[2025-04-30 15:18:54] 已加载 11 个设备
[2025-04-30 15:18:54] 批量配置地址工具已启动
[2025-04-30 15:18:54] 已加载 11 个设备
[2025-04-30 15:18:54] 批量配置地址工具已启动
[2025-04-30 15:18:54] 已加载 11 个设备
[2025-04-30 15:18:55] 批量配置地址工具已启动
[2025-04-30 15:18:55] 已加载 11 个设备
[2025-04-30 15:18:55] 批量配置地址工具已启动
[2025-04-30 15:18:55] 已加载 11 个设备
[2025-04-30 15:18:55] 批量配置地址工具已启动
[2025-04-30 15:18:55] 已加载 11 个设备
[2025-04-30 15:18:56] 批量配置地址工具已启动
[2025-04-30 15:18:56] 已加载 11 个设备
[2025-04-30 15:18:56] 批量配置地址工具已启动
[2025-04-30 15:18:56] 已加载 11 个设备
[2025-04-30 15:18:56] 批量配置地址工具已启动
[2025-04-30 15:18:56] 已加载 11 个设备
[2025-04-30 15:18:56] 批量配置地址工具已启动
[2025-04-30 15:18:56] 已加载 11 个设备
[2025-04-30 15:18:56] 批量配置地址工具已启动
[2025-04-30 15:18:56] 已加载 11 个设备
[2025-04-30 15:18:57] 批量配置地址工具已启动
[2025-04-30 15:18:57] 已加载 11 个设备
[2025-04-30 15:18:57] 批量配置地址工具已启动
[2025-04-30 15:18:57] 已加载 11 个设备
[2025-04-30 15:18:57] 批量配置地址工具已启动
[2025-04-30 15:18:57] 已加载 11 个设备
[2025-04-30 15:18:57] 批量配置地址工具已启动
[2025-04-30 15:18:57] 已加载 11 个设备
[2025-04-30 15:18:58] 批量配置地址工具已启动
[2025-04-30 15:18:58] 已加载 11 个设备
[2025-04-30 15:18:58] 批量配置地址工具已启动
[2025-04-30 15:18:58] 已加载 11 个设备
[2025-04-30 15:22:20] 批量配置地址工具已启动
[2025-04-30 15:22:20] 已加载 11 个设备
[2025-04-30 15:22:21] 批量配置地址工具已启动
[2025-04-30 15:22:21] 已加载 11 个设备
[2025-04-30 15:22:21] 批量配置地址工具已启动
[2025-04-30 15:22:21] 已加载 11 个设备
[2025-04-30 15:22:21] 批量配置地址工具已启动
[2025-04-30 15:22:21] 已加载 11 个设备
[2025-04-30 15:22:22] 批量配置地址工具已启动
[2025-04-30 15:22:22] 已加载 11 个设备
[2025-04-30 15:22:22] 批量配置地址工具已启动
[2025-04-30 15:22:22] 已加载 11 个设备
[2025-04-30 15:22:22] 批量配置地址工具已启动
[2025-04-30 15:22:22] 已加载 11 个设备
[2025-04-30 15:22:23] 批量配置地址工具已启动
[2025-04-30 15:22:23] 已加载 11 个设备
[2025-04-30 15:22:23] 批量配置地址工具已启动
[2025-04-30 15:22:23] 已加载 11 个设备
[2025-04-30 15:22:23] 批量配置地址工具已启动
[2025-04-30 15:22:23] 已加载 11 个设备
[2025-04-30 15:22:23] 批量配置地址工具已启动
[2025-04-30 15:22:23] 已加载 11 个设备
[2025-04-30 15:22:24] 批量配置地址工具已启动
[2025-04-30 15:22:24] 已加载 11 个设备
[2025-04-30 15:22:24] 批量配置地址工具已启动
[2025-04-30 15:22:24] 已加载 11 个设备
[2025-04-30 15:22:24] 批量配置地址工具已启动
[2025-04-30 15:22:24] 已加载 11 个设备
[2025-04-30 15:22:24] 批量配置地址工具已启动
[2025-04-30 15:22:24] 已加载 11 个设备
[2025-04-30 15:22:25] 批量配置地址工具已启动
[2025-04-30 15:22:25] 已加载 11 个设备
[2025-04-30 15:22:25] 批量配置地址工具已启动
[2025-04-30 15:22:25] 已加载 11 个设备
[2025-04-30 15:22:26] 批量配置地址工具已启动
[2025-04-30 15:22:26] 已加载 11 个设备
[2025-04-30 15:28:39] 批量配置地址工具已启动
[2025-04-30 15:28:39] 已加载 11 个设备
[2025-04-30 15:28:39] 批量配置地址工具已启动
[2025-04-30 15:28:39] 已加载 11 个设备
[2025-04-30 15:28:40] 批量配置地址工具已启动
[2025-04-30 15:28:40] 已加载 11 个设备
[2025-04-30 15:28:40] 批量配置地址工具已启动
[2025-04-30 15:28:40] 已加载 11 个设备
[2025-04-30 15:28:40] 批量配置地址工具已启动
[2025-04-30 15:28:40] 已加载 11 个设备
[2025-04-30 15:28:41] 批量配置地址工具已启动
[2025-04-30 15:28:41] 已加载 11 个设备
[2025-04-30 15:28:41] 批量配置地址工具已启动
[2025-04-30 15:28:41] 已加载 11 个设备
[2025-04-30 15:28:41] 批量配置地址工具已启动
[2025-04-30 15:28:41] 已加载 11 个设备
[2025-04-30 15:28:41] 批量配置地址工具已启动
[2025-04-30 15:28:41] 已加载 11 个设备
[2025-04-30 15:28:42] 批量配置地址工具已启动
[2025-04-30 15:28:42] 已加载 11 个设备
[2025-04-30 15:28:42] 批量配置地址工具已启动
[2025-04-30 15:28:42] 已加载 11 个设备
[2025-04-30 15:28:42] 批量配置地址工具已启动
[2025-04-30 15:28:42] 已加载 11 个设备
[2025-04-30 15:28:42] 批量配置地址工具已启动
[2025-04-30 15:28:42] 已加载 11 个设备
[2025-04-30 15:28:43] 批量配置地址工具已启动
[2025-04-30 15:28:43] 已加载 11 个设备
[2025-04-30 15:28:43] 批量配置地址工具已启动
[2025-04-30 15:28:43] 已加载 11 个设备
[2025-04-30 15:28:43] 批量配置地址工具已启动
[2025-04-30 15:28:43] 已加载 11 个设备
[2025-04-30 15:28:44] 批量配置地址工具已启动
[2025-04-30 15:28:44] 已加载 11 个设备
[2025-04-30 15:28:44] 批量配置地址工具已启动
[2025-04-30 15:28:44] 已加载 11 个设备
[2025-04-30 15:29:50] 批量配置地址工具已启动
[2025-04-30 15:29:50] 已加载 11 个设备
[2025-04-30 15:29:51] 批量配置地址工具已启动
[2025-04-30 15:29:51] 已加载 11 个设备
[2025-04-30 15:29:52] 批量配置地址工具已启动
[2025-04-30 15:29:52] 已加载 11 个设备
[2025-04-30 15:29:52] 批量配置地址工具已启动
[2025-04-30 15:29:52] 已加载 11 个设备
[2025-04-30 15:29:52] 批量配置地址工具已启动
[2025-04-30 15:29:52] 已加载 11 个设备
[2025-04-30 15:29:52] 批量配置地址工具已启动
[2025-04-30 15:29:52] 已加载 11 个设备
[2025-04-30 15:29:53] 批量配置地址工具已启动
[2025-04-30 15:29:53] 已加载 11 个设备
[2025-04-30 15:29:53] 批量配置地址工具已启动
[2025-04-30 15:29:53] 已加载 11 个设备
[2025-04-30 15:29:53] 批量配置地址工具已启动
[2025-04-30 15:29:53] 已加载 11 个设备
[2025-04-30 15:29:53] 批量配置地址工具已启动
[2025-04-30 15:29:53] 已加载 11 个设备
[2025-04-30 15:29:54] 批量配置地址工具已启动
[2025-04-30 15:29:54] 已加载 11 个设备
[2025-04-30 15:29:54] 批量配置地址工具已启动
[2025-04-30 15:29:54] 已加载 11 个设备
[2025-04-30 15:29:54] 批量配置地址工具已启动
[2025-04-30 15:29:54] 已加载 11 个设备
[2025-04-30 15:29:54] 批量配置地址工具已启动
[2025-04-30 15:29:54] 已加载 11 个设备
[2025-04-30 15:29:55] 批量配置地址工具已启动
[2025-04-30 15:29:55] 已加载 11 个设备
[2025-04-30 15:29:55] 批量配置地址工具已启动
[2025-04-30 15:29:55] 已加载 11 个设备
[2025-04-30 15:29:55] 批量配置地址工具已启动
[2025-04-30 15:29:55] 已加载 11 个设备
[2025-04-30 15:29:55] 批量配置地址工具已启动
[2025-04-30 15:29:55] 已加载 11 个设备
[2025-04-30 15:30:18] 批量配置地址工具已启动
[2025-04-30 15:30:18] 已加载 11 个设备
[2025-04-30 15:30:19] 批量配置地址工具已启动
[2025-04-30 15:30:19] 已加载 11 个设备
[2025-04-30 15:30:19] 批量配置地址工具已启动
[2025-04-30 15:30:19] 已加载 11 个设备
[2025-04-30 15:30:19] 批量配置地址工具已启动
[2025-04-30 15:30:19] 已加载 11 个设备
[2025-04-30 15:30:19] 批量配置地址工具已启动
[2025-04-30 15:30:19] 已加载 11 个设备
[2025-04-30 15:30:20] 批量配置地址工具已启动
[2025-04-30 15:30:20] 已加载 11 个设备
[2025-04-30 15:30:20] 批量配置地址工具已启动
[2025-04-30 15:30:20] 已加载 11 个设备
[2025-04-30 15:30:20] 批量配置地址工具已启动
[2025-04-30 15:30:20] 已加载 11 个设备
[2025-04-30 15:30:21] 批量配置地址工具已启动
[2025-04-30 15:30:21] 已加载 11 个设备
[2025-04-30 15:30:21] 批量配置地址工具已启动
[2025-04-30 15:30:21] 已加载 11 个设备
[2025-04-30 15:30:21] 批量配置地址工具已启动
[2025-04-30 15:30:21] 已加载 11 个设备
[2025-04-30 15:30:21] 批量配置地址工具已启动
[2025-04-30 15:30:21] 已加载 11 个设备
[2025-04-30 15:30:22] 批量配置地址工具已启动
[2025-04-30 15:30:22] 已加载 11 个设备
[2025-04-30 15:30:22] 批量配置地址工具已启动
[2025-04-30 15:30:22] 已加载 11 个设备
[2025-04-30 15:30:22] 批量配置地址工具已启动
[2025-04-30 15:30:22] 已加载 11 个设备
[2025-04-30 15:30:22] 批量配置地址工具已启动
[2025-04-30 15:30:22] 已加载 11 个设备
[2025-04-30 15:30:23] 批量配置地址工具已启动
[2025-04-30 15:30:23] 已加载 11 个设备
[2025-04-30 15:30:23] 批量配置地址工具已启动
[2025-04-30 15:30:23] 已加载 11 个设备
[2025-04-30 15:34:30] 批量配置地址工具已启动
[2025-04-30 15:34:30] 已加载 11 个设备
[2025-04-30 15:34:30] 批量配置地址工具已启动
[2025-04-30 15:34:30] 已加载 11 个设备
[2025-04-30 15:34:31] 批量配置地址工具已启动
[2025-04-30 15:34:31] 已加载 11 个设备
[2025-04-30 15:34:31] 批量配置地址工具已启动
[2025-04-30 15:34:31] 已加载 11 个设备
[2025-04-30 15:34:31] 批量配置地址工具已启动
[2025-04-30 15:34:31] 已加载 11 个设备
[2025-04-30 15:34:32] 批量配置地址工具已启动
[2025-04-30 15:34:32] 已加载 11 个设备
[2025-04-30 15:34:32] 批量配置地址工具已启动
[2025-04-30 15:34:32] 已加载 11 个设备
[2025-04-30 15:34:32] 批量配置地址工具已启动
[2025-04-30 15:34:32] 已加载 11 个设备
[2025-04-30 15:34:32] 批量配置地址工具已启动
[2025-04-30 15:34:32] 已加载 11 个设备
[2025-04-30 15:34:33] 批量配置地址工具已启动
[2025-04-30 15:34:33] 已加载 11 个设备
[2025-04-30 15:34:33] 批量配置地址工具已启动
[2025-04-30 15:34:33] 已加载 11 个设备
[2025-04-30 15:34:33] 批量配置地址工具已启动
[2025-04-30 15:34:33] 已加载 11 个设备
[2025-04-30 15:34:33] 批量配置地址工具已启动
[2025-04-30 15:34:33] 已加载 11 个设备
[2025-04-30 15:34:34] 批量配置地址工具已启动
[2025-04-30 15:34:34] 已加载 11 个设备
[2025-04-30 15:34:34] 批量配置地址工具已启动
[2025-04-30 15:34:34] 已加载 11 个设备
[2025-04-30 15:34:34] 批量配置地址工具已启动
[2025-04-30 15:34:34] 已加载 11 个设备
[2025-04-30 15:34:34] 批量配置地址工具已启动
[2025-04-30 15:34:34] 已加载 11 个设备
[2025-04-30 15:34:35] 批量配置地址工具已启动
[2025-04-30 15:34:35] 已加载 11 个设备
[2025-04-30 15:38:31] 批量配置地址工具已启动
[2025-04-30 15:38:31] 已加载 11 个设备
[2025-04-30 15:38:32] 批量配置地址工具已启动
[2025-04-30 15:38:32] 已加载 11 个设备
[2025-04-30 15:38:32] 批量配置地址工具已启动
[2025-04-30 15:38:32] 已加载 11 个设备
[2025-04-30 15:38:32] 批量配置地址工具已启动
[2025-04-30 15:38:32] 已加载 11 个设备
[2025-04-30 15:38:33] 批量配置地址工具已启动
[2025-04-30 15:38:33] 已加载 11 个设备
[2025-04-30 15:38:33] 批量配置地址工具已启动
[2025-04-30 15:38:33] 已加载 11 个设备
[2025-04-30 15:38:33] 批量配置地址工具已启动
[2025-04-30 15:38:33] 已加载 11 个设备
[2025-04-30 15:38:33] 批量配置地址工具已启动
[2025-04-30 15:38:33] 已加载 11 个设备
[2025-04-30 15:38:34] 批量配置地址工具已启动
[2025-04-30 15:38:34] 已加载 11 个设备
[2025-04-30 15:38:34] 批量配置地址工具已启动
[2025-04-30 15:38:34] 已加载 11 个设备
[2025-04-30 15:38:34] 批量配置地址工具已启动
[2025-04-30 15:38:34] 已加载 11 个设备
[2025-04-30 15:38:34] 批量配置地址工具已启动
[2025-04-30 15:38:34] 已加载 11 个设备
[2025-04-30 15:38:35] 批量配置地址工具已启动
[2025-04-30 15:38:35] 已加载 11 个设备
[2025-04-30 15:38:35] 批量配置地址工具已启动
[2025-04-30 15:38:35] 已加载 11 个设备
[2025-04-30 15:38:35] 批量配置地址工具已启动
[2025-04-30 15:38:35] 已加载 11 个设备
[2025-04-30 15:38:36] 批量配置地址工具已启动
[2025-04-30 15:38:36] 已加载 11 个设备
[2025-04-30 15:38:36] 批量配置地址工具已启动
[2025-04-30 15:38:36] 已加载 11 个设备
[2025-04-30 15:38:36] 批量配置地址工具已启动
[2025-04-30 15:38:36] 已加载 11 个设备
[2025-04-30 15:39:20] 批量配置地址工具已启动
[2025-04-30 15:39:20] 已加载 11 个设备
[2025-04-30 15:39:20] 批量配置地址工具已启动
[2025-04-30 15:39:20] 已加载 11 个设备
[2025-04-30 15:39:21] 批量配置地址工具已启动
[2025-04-30 15:39:21] 已加载 11 个设备
[2025-04-30 15:39:21] 批量配置地址工具已启动
[2025-04-30 15:39:21] 已加载 11 个设备
[2025-04-30 15:39:21] 批量配置地址工具已启动
[2025-04-30 15:39:21] 已加载 11 个设备
[2025-04-30 15:39:22] 批量配置地址工具已启动
[2025-04-30 15:39:22] 已加载 11 个设备
[2025-04-30 15:39:22] 批量配置地址工具已启动
[2025-04-30 15:39:22] 已加载 11 个设备
[2025-04-30 15:39:22] 批量配置地址工具已启动
[2025-04-30 15:39:22] 已加载 11 个设备
[2025-04-30 15:39:22] 批量配置地址工具已启动
[2025-04-30 15:39:22] 已加载 11 个设备
[2025-04-30 15:39:23] 批量配置地址工具已启动
[2025-04-30 15:39:23] 已加载 11 个设备
[2025-04-30 15:39:23] 批量配置地址工具已启动
[2025-04-30 15:39:23] 已加载 11 个设备
[2025-04-30 15:39:23] 批量配置地址工具已启动
[2025-04-30 15:39:23] 已加载 11 个设备
[2025-04-30 15:39:23] 批量配置地址工具已启动
[2025-04-30 15:39:23] 已加载 11 个设备
[2025-04-30 15:39:24] 批量配置地址工具已启动
[2025-04-30 15:39:24] 已加载 11 个设备
[2025-04-30 15:39:24] 批量配置地址工具已启动
[2025-04-30 15:39:24] 已加载 11 个设备
[2025-04-30 15:39:24] 批量配置地址工具已启动
[2025-04-30 15:39:24] 已加载 11 个设备
[2025-04-30 15:39:24] 批量配置地址工具已启动
[2025-04-30 15:39:24] 已加载 11 个设备
[2025-04-30 15:39:25] 批量配置地址工具已启动
[2025-04-30 15:39:25] 已加载 11 个设备
[2025-04-30 15:45:31] 批量配置地址工具已启动
[2025-04-30 15:45:31] 已加载 11 个设备
[2025-04-30 15:45:31] 批量配置地址工具已启动
[2025-04-30 15:45:31] 已加载 11 个设备
[2025-04-30 15:45:31] 批量配置地址工具已启动
[2025-04-30 15:45:31] 已加载 11 个设备
[2025-04-30 15:45:32] 批量配置地址工具已启动
[2025-04-30 15:45:32] 已加载 11 个设备
[2025-04-30 15:45:32] 批量配置地址工具已启动
[2025-04-30 15:45:32] 已加载 11 个设备
[2025-04-30 15:45:32] 批量配置地址工具已启动
[2025-04-30 15:45:32] 已加载 11 个设备
[2025-04-30 15:45:32] 批量配置地址工具已启动
[2025-04-30 15:45:32] 已加载 11 个设备
[2025-04-30 15:45:33] 批量配置地址工具已启动
[2025-04-30 15:45:33] 已加载 11 个设备
[2025-04-30 15:45:33] 批量配置地址工具已启动
[2025-04-30 15:45:33] 已加载 11 个设备
[2025-04-30 15:45:33] 批量配置地址工具已启动
[2025-04-30 15:45:33] 已加载 11 个设备
[2025-04-30 15:51:54] 批量配置地址工具已启动
[2025-04-30 15:51:54] 已加载 11 个设备
[2025-04-30 15:51:54] 批量配置地址工具已启动
[2025-04-30 15:51:54] 已加载 11 个设备
[2025-04-30 15:51:55] 批量配置地址工具已启动
[2025-04-30 15:51:55] 已加载 11 个设备
[2025-04-30 15:51:55] 批量配置地址工具已启动
[2025-04-30 15:51:55] 已加载 11 个设备
[2025-04-30 15:51:55] 批量配置地址工具已启动
[2025-04-30 15:51:55] 已加载 11 个设备
[2025-04-30 15:51:56] 批量配置地址工具已启动
[2025-04-30 15:51:56] 已加载 11 个设备
[2025-04-30 15:51:56] 批量配置地址工具已启动
[2025-04-30 15:51:56] 已加载 11 个设备
[2025-04-30 15:51:56] 批量配置地址工具已启动
[2025-04-30 15:51:56] 已加载 11 个设备
[2025-04-30 15:51:57] 批量配置地址工具已启动
[2025-04-30 15:51:57] 已加载 11 个设备
[2025-04-30 15:51:57] 批量配置地址工具已启动
[2025-04-30 15:51:57] 已加载 11 个设备
[2025-04-30 15:56:50] 批量配置地址工具已启动
[2025-04-30 15:56:50] 已加载 11 个设备
[2025-04-30 15:56:50] 批量配置地址工具已启动
[2025-04-30 15:56:50] 已加载 11 个设备
[2025-04-30 15:56:51] 批量配置地址工具已启动
[2025-04-30 15:56:51] 已加载 11 个设备
[2025-04-30 15:56:51] 批量配置地址工具已启动
[2025-04-30 15:56:51] 已加载 11 个设备
[2025-04-30 15:56:51] 批量配置地址工具已启动
[2025-04-30 15:56:51] 已加载 11 个设备
[2025-04-30 15:56:52] 批量配置地址工具已启动
[2025-04-30 15:56:52] 已加载 11 个设备
[2025-04-30 15:56:52] 批量配置地址工具已启动
[2025-04-30 15:56:52] 已加载 11 个设备
[2025-04-30 15:56:52] 批量配置地址工具已启动
[2025-04-30 15:56:52] 已加载 11 个设备
[2025-04-30 15:56:53] 批量配置地址工具已启动
[2025-04-30 15:56:53] 已加载 11 个设备
[2025-04-30 15:56:53] 批量配置地址工具已启动
[2025-04-30 15:56:53] 已加载 11 个设备
[2025-04-30 16:00:31] 批量配置地址工具已启动
[2025-04-30 16:00:31] 已加载 11 个设备
[2025-04-30 16:00:31] 批量配置地址工具已启动
[2025-04-30 16:00:31] 已加载 11 个设备
[2025-04-30 16:00:32] 批量配置地址工具已启动
[2025-04-30 16:00:32] 已加载 11 个设备
[2025-04-30 16:00:32] 批量配置地址工具已启动
[2025-04-30 16:00:32] 已加载 11 个设备
[2025-04-30 16:00:32] 批量配置地址工具已启动
[2025-04-30 16:00:32] 已加载 11 个设备
[2025-04-30 16:00:32] 批量配置地址工具已启动
[2025-04-30 16:00:32] 已加载 11 个设备
[2025-04-30 16:00:32] 批量配置地址工具已启动
[2025-04-30 16:00:32] 已加载 11 个设备
[2025-04-30 16:00:33] 批量配置地址工具已启动
[2025-04-30 16:00:33] 已加载 11 个设备
[2025-04-30 16:00:33] 批量配置地址工具已启动
[2025-04-30 16:00:33] 已加载 11 个设备
[2025-04-30 16:00:33] 批量配置地址工具已启动
[2025-04-30 16:00:33] 已加载 11 个设备
[2025-04-30 16:02:26] 批量配置地址工具已启动
[2025-04-30 16:02:26] 已加载 11 个设备
[2025-04-30 16:02:27] 批量配置地址工具已启动
[2025-04-30 16:02:27] 已加载 11 个设备
[2025-04-30 16:02:27] 批量配置地址工具已启动
[2025-04-30 16:02:27] 已加载 11 个设备
[2025-04-30 16:02:27] 批量配置地址工具已启动
[2025-04-30 16:02:27] 已加载 11 个设备
[2025-04-30 16:02:27] 批量配置地址工具已启动
[2025-04-30 16:02:27] 已加载 11 个设备
[2025-04-30 16:02:28] 批量配置地址工具已启动
[2025-04-30 16:02:28] 已加载 11 个设备
[2025-04-30 16:02:28] 批量配置地址工具已启动
[2025-04-30 16:02:28] 已加载 11 个设备
[2025-04-30 16:02:28] 批量配置地址工具已启动
[2025-04-30 16:02:28] 已加载 11 个设备
[2025-04-30 16:02:28] 批量配置地址工具已启动
[2025-04-30 16:02:28] 已加载 11 个设备
[2025-04-30 16:02:29] 批量配置地址工具已启动
[2025-04-30 16:02:29] 已加载 11 个设备
[2025-04-30 16:02:29] 批量配置地址工具已启动
[2025-04-30 16:02:29] 已加载 11 个设备
[2025-04-30 16:02:29] 批量配置地址工具已启动
[2025-04-30 16:02:29] 已加载 11 个设备
[2025-04-30 16:02:29] 批量配置地址工具已启动
[2025-04-30 16:02:29] 已加载 11 个设备
[2025-04-30 16:02:29] 批量配置地址工具已启动
[2025-04-30 16:02:29] 已加载 11 个设备
[2025-04-30 16:02:30] 批量配置地址工具已启动
[2025-04-30 16:02:30] 已加载 11 个设备
[2025-04-30 16:02:30] 批量配置地址工具已启动
[2025-04-30 16:02:30] 已加载 11 个设备
[2025-04-30 16:02:30] 批量配置地址工具已启动
[2025-04-30 16:02:30] 已加载 11 个设备
[2025-04-30 16:02:30] 批量配置地址工具已启动
[2025-04-30 16:02:30] 已加载 11 个设备
[2025-04-30 16:05:52] 批量配置地址工具已启动
[2025-04-30 16:05:52] 已加载 11 个设备
[2025-04-30 16:05:52] 批量配置地址工具已启动
[2025-04-30 16:05:52] 已加载 11 个设备
[2025-04-30 16:05:52] 批量配置地址工具已启动
[2025-04-30 16:05:52] 已加载 11 个设备
[2025-04-30 16:05:53] 批量配置地址工具已启动
[2025-04-30 16:05:53] 已加载 11 个设备
[2025-04-30 16:05:53] 批量配置地址工具已启动
[2025-04-30 16:05:53] 已加载 11 个设备
[2025-04-30 16:05:53] 批量配置地址工具已启动
[2025-04-30 16:05:53] 已加载 11 个设备
[2025-04-30 16:05:53] 批量配置地址工具已启动
[2025-04-30 16:05:53] 已加载 11 个设备
[2025-04-30 16:05:53] 批量配置地址工具已启动
[2025-04-30 16:05:53] 已加载 11 个设备
[2025-04-30 16:05:54] 批量配置地址工具已启动
[2025-04-30 16:05:54] 已加载 11 个设备
[2025-04-30 16:05:54] 批量配置地址工具已启动
[2025-04-30 16:05:54] 已加载 11 个设备
[2025-04-30 16:05:54] 批量配置地址工具已启动
[2025-04-30 16:05:54] 已加载 11 个设备
[2025-04-30 16:05:55] 批量配置地址工具已启动
[2025-04-30 16:05:55] 已加载 11 个设备
[2025-04-30 16:05:55] 批量配置地址工具已启动
[2025-04-30 16:05:55] 已加载 11 个设备
[2025-04-30 16:05:55] 批量配置地址工具已启动
[2025-04-30 16:05:55] 已加载 11 个设备
[2025-04-30 16:05:55] 批量配置地址工具已启动
[2025-04-30 16:05:55] 已加载 11 个设备
[2025-04-30 16:05:56] 批量配置地址工具已启动
[2025-04-30 16:05:56] 已加载 11 个设备
[2025-04-30 16:05:56] 批量配置地址工具已启动
[2025-04-30 16:05:56] 已加载 11 个设备
[2025-04-30 16:05:56] 批量配置地址工具已启动
[2025-04-30 16:05:56] 已加载 11 个设备
[2025-04-30 16:14:08] 批量配置地址工具已启动
[2025-04-30 16:14:08] 已加载 11 个设备
[2025-04-30 16:14:09] 批量配置地址工具已启动
[2025-04-30 16:14:09] 已加载 11 个设备
[2025-04-30 16:14:09] 批量配置地址工具已启动
[2025-04-30 16:14:09] 已加载 11 个设备
[2025-04-30 16:14:10] 批量配置地址工具已启动
[2025-04-30 16:14:10] 已加载 11 个设备
[2025-04-30 16:14:10] 批量配置地址工具已启动
[2025-04-30 16:14:10] 已加载 11 个设备
[2025-04-30 16:14:10] 批量配置地址工具已启动
[2025-04-30 16:14:10] 已加载 11 个设备
[2025-04-30 16:14:11] 批量配置地址工具已启动
[2025-04-30 16:14:11] 已加载 11 个设备
[2025-04-30 16:14:11] 批量配置地址工具已启动
[2025-04-30 16:14:11] 已加载 11 个设备
[2025-04-30 16:14:11] 批量配置地址工具已启动
[2025-04-30 16:14:11] 已加载 11 个设备
[2025-04-30 16:14:11] 批量配置地址工具已启动
[2025-04-30 16:14:11] 已加载 11 个设备
[2025-04-30 16:14:12] 批量配置地址工具已启动
[2025-04-30 16:14:12] 已加载 11 个设备
[2025-04-30 16:14:12] 批量配置地址工具已启动
[2025-04-30 16:14:12] 已加载 11 个设备
[2025-04-30 16:14:12] 批量配置地址工具已启动
[2025-04-30 16:14:12] 已加载 11 个设备
[2025-04-30 16:14:12] 批量配置地址工具已启动
[2025-04-30 16:14:12] 已加载 11 个设备
[2025-04-30 16:14:13] 批量配置地址工具已启动
[2025-04-30 16:14:13] 已加载 11 个设备
[2025-04-30 16:14:13] 批量配置地址工具已启动
[2025-04-30 16:14:13] 已加载 11 个设备
[2025-04-30 16:14:13] 批量配置地址工具已启动
[2025-04-30 16:14:13] 已加载 11 个设备
[2025-04-30 16:14:13] 批量配置地址工具已启动
[2025-04-30 16:14:13] 已加载 11 个设备
[2025-04-30 16:24:32] 批量配置地址工具已启动
[2025-04-30 16:24:33] 已加载 11 个设备
[2025-04-30 16:24:33] 批量配置地址工具已启动
[2025-04-30 16:24:33] 已加载 11 个设备
[2025-04-30 16:24:33] 批量配置地址工具已启动
[2025-04-30 16:24:33] 已加载 11 个设备
[2025-04-30 16:24:33] 批量配置地址工具已启动
[2025-04-30 16:24:33] 已加载 11 个设备
[2025-04-30 16:24:34] 批量配置地址工具已启动
[2025-04-30 16:24:34] 已加载 11 个设备
[2025-04-30 16:24:34] 批量配置地址工具已启动
[2025-04-30 16:24:34] 已加载 11 个设备
[2025-04-30 16:24:34] 批量配置地址工具已启动
[2025-04-30 16:24:34] 已加载 11 个设备
[2025-04-30 16:24:34] 批量配置地址工具已启动
[2025-04-30 16:24:34] 已加载 11 个设备
[2025-04-30 16:24:35] 批量配置地址工具已启动
[2025-04-30 16:24:35] 已加载 11 个设备
[2025-04-30 16:24:35] 批量配置地址工具已启动
[2025-04-30 16:24:35] 已加载 11 个设备
[2025-04-30 16:24:35] 批量配置地址工具已启动
[2025-04-30 16:24:35] 已加载 11 个设备
[2025-04-30 16:24:35] 批量配置地址工具已启动
[2025-04-30 16:24:35] 已加载 11 个设备
[2025-04-30 16:24:36] 批量配置地址工具已启动
[2025-04-30 16:24:36] 已加载 11 个设备
[2025-04-30 16:24:36] 批量配置地址工具已启动
[2025-04-30 16:24:36] 已加载 11 个设备
[2025-04-30 16:24:36] 批量配置地址工具已启动
[2025-04-30 16:24:36] 已加载 11 个设备
[2025-04-30 16:24:37] 批量配置地址工具已启动
[2025-04-30 16:24:37] 已加载 11 个设备
[2025-04-30 16:24:37] 批量配置地址工具已启动
[2025-04-30 16:24:37] 已加载 11 个设备
[2025-04-30 16:24:37] 批量配置地址工具已启动
[2025-04-30 16:24:37] 已加载 11 个设备
[2025-04-30 16:31:32] 批量配置地址工具已启动
[2025-04-30 16:31:32] 已加载 11 个设备
[2025-04-30 16:31:32] 批量配置地址工具已启动
[2025-04-30 16:31:32] 已加载 11 个设备
[2025-04-30 16:31:32] 批量配置地址工具已启动
[2025-04-30 16:31:32] 已加载 11 个设备
[2025-04-30 16:31:32] 批量配置地址工具已启动
[2025-04-30 16:31:32] 已加载 11 个设备
[2025-04-30 16:31:32] 批量配置地址工具已启动
[2025-04-30 16:31:32] 已加载 11 个设备
[2025-04-30 16:31:32] 批量配置地址工具已启动
[2025-04-30 16:31:32] 已加载 11 个设备
[2025-04-30 16:31:32] 批量配置地址工具已启动
[2025-04-30 16:31:32] 已加载 11 个设备
[2025-04-30 16:31:32] 批量配置地址工具已启动
[2025-04-30 16:31:32] 已加载 11 个设备
[2025-04-30 16:31:32] 批量配置地址工具已启动
[2025-04-30 16:31:32] 已加载 11 个设备
[2025-04-30 16:32:12] 批量配置地址工具已启动
[2025-04-30 16:32:12] 已加载 11 个设备
[2025-04-30 16:32:13] 批量配置地址工具已启动
[2025-04-30 16:32:13] 已加载 11 个设备
[2025-04-30 16:32:13] 批量配置地址工具已启动
[2025-04-30 16:32:13] 已加载 11 个设备
[2025-04-30 16:32:13] 批量配置地址工具已启动
[2025-04-30 16:32:13] 已加载 11 个设备
[2025-04-30 16:32:14] 批量配置地址工具已启动
[2025-04-30 16:32:14] 已加载 11 个设备
[2025-04-30 16:32:14] 批量配置地址工具已启动
[2025-04-30 16:32:14] 已加载 11 个设备
[2025-04-30 16:32:14] 批量配置地址工具已启动
[2025-04-30 16:32:14] 已加载 11 个设备
[2025-04-30 16:32:15] 批量配置地址工具已启动
[2025-04-30 16:32:15] 已加载 11 个设备
[2025-04-30 16:32:15] 批量配置地址工具已启动
[2025-04-30 16:32:15] 已加载 11 个设备
[2025-04-30 16:32:15] 批量配置地址工具已启动
[2025-04-30 16:32:15] 已加载 11 个设备
[2025-04-30 16:32:15] 批量配置地址工具已启动
[2025-04-30 16:32:15] 已加载 11 个设备
[2025-04-30 16:32:16] 批量配置地址工具已启动
[2025-04-30 16:32:16] 已加载 11 个设备
[2025-04-30 16:32:16] 批量配置地址工具已启动
[2025-04-30 16:32:16] 已加载 11 个设备
[2025-04-30 16:32:16] 批量配置地址工具已启动
[2025-04-30 16:32:16] 已加载 11 个设备
[2025-04-30 16:32:16] 批量配置地址工具已启动
[2025-04-30 16:32:16] 已加载 11 个设备
[2025-04-30 16:32:17] 批量配置地址工具已启动
[2025-04-30 16:32:17] 已加载 11 个设备
[2025-04-30 16:32:17] 批量配置地址工具已启动
[2025-04-30 16:32:17] 已加载 11 个设备
[2025-04-30 16:32:17] 批量配置地址工具已启动
[2025-04-30 16:32:17] 已加载 11 个设备
[2025-04-30 16:39:41] 批量配置地址工具已启动
[2025-04-30 16:39:41] 已加载 11 个设备
[2025-04-30 16:39:41] 批量配置地址工具已启动
[2025-04-30 16:39:41] 已加载 11 个设备
[2025-04-30 16:39:42] 批量配置地址工具已启动
[2025-04-30 16:39:42] 已加载 11 个设备
[2025-04-30 16:39:42] 批量配置地址工具已启动
[2025-04-30 16:39:42] 已加载 11 个设备
[2025-04-30 16:39:42] 批量配置地址工具已启动
[2025-04-30 16:39:42] 已加载 11 个设备
[2025-04-30 16:39:42] 批量配置地址工具已启动
[2025-04-30 16:39:42] 已加载 11 个设备
[2025-04-30 16:39:43] 批量配置地址工具已启动
[2025-04-30 16:39:43] 已加载 11 个设备
[2025-04-30 16:39:43] 批量配置地址工具已启动
[2025-04-30 16:39:43] 已加载 11 个设备
[2025-04-30 16:39:43] 批量配置地址工具已启动
[2025-04-30 16:39:43] 已加载 11 个设备
[2025-04-30 16:39:43] 批量配置地址工具已启动
[2025-04-30 16:39:43] 已加载 11 个设备
[2025-04-30 16:39:44] 批量配置地址工具已启动
[2025-04-30 16:39:44] 已加载 11 个设备
[2025-04-30 16:39:44] 批量配置地址工具已启动
[2025-04-30 16:39:44] 已加载 11 个设备
[2025-04-30 16:39:44] 批量配置地址工具已启动
[2025-04-30 16:39:44] 已加载 11 个设备
[2025-04-30 16:39:45] 批量配置地址工具已启动
[2025-04-30 16:39:45] 已加载 11 个设备
[2025-04-30 16:39:45] 批量配置地址工具已启动
[2025-04-30 16:39:45] 已加载 11 个设备
[2025-04-30 16:39:45] 批量配置地址工具已启动
[2025-04-30 16:39:45] 已加载 11 个设备
[2025-04-30 16:39:46] 批量配置地址工具已启动
[2025-04-30 16:39:46] 已加载 11 个设备
[2025-04-30 16:39:46] 批量配置地址工具已启动
[2025-04-30 16:39:46] 已加载 11 个设备
[2025-04-30 16:40:17] 开始配置设备: 地域1核心交换机 (10.1.0.3)...
[2025-04-30 16:47:40] 批量配置地址工具已启动
[2025-04-30 16:47:40] 已加载 11 个设备
[2025-04-30 16:47:40] 批量配置地址工具已启动
[2025-04-30 16:47:40] 已加载 11 个设备
[2025-04-30 16:47:40] 批量配置地址工具已启动
[2025-04-30 16:47:40] 已加载 11 个设备
[2025-04-30 16:47:41] 批量配置地址工具已启动
[2025-04-30 16:47:41] 已加载 11 个设备
[2025-04-30 16:47:41] 批量配置地址工具已启动
[2025-04-30 16:47:41] 已加载 11 个设备
[2025-04-30 16:47:41] 批量配置地址工具已启动
[2025-04-30 16:47:41] 已加载 11 个设备
[2025-04-30 16:47:41] 批量配置地址工具已启动
[2025-04-30 16:47:41] 已加载 11 个设备
[2025-04-30 16:47:42] 批量配置地址工具已启动
[2025-04-30 16:47:42] 已加载 11 个设备
[2025-04-30 16:47:42] 批量配置地址工具已启动
[2025-04-30 16:47:42] 已加载 11 个设备
[2025-04-30 16:49:27] 批量配置地址工具已启动
[2025-04-30 16:49:27] 已加载 11 个设备
[2025-04-30 16:49:28] 批量配置地址工具已启动
[2025-04-30 16:49:28] 已加载 11 个设备
[2025-04-30 16:49:28] 批量配置地址工具已启动
[2025-04-30 16:49:28] 已加载 11 个设备
[2025-04-30 16:49:28] 批量配置地址工具已启动
[2025-04-30 16:49:28] 已加载 11 个设备
[2025-04-30 16:49:29] 批量配置地址工具已启动
[2025-04-30 16:49:29] 已加载 11 个设备
[2025-04-30 16:49:29] 批量配置地址工具已启动
[2025-04-30 16:49:29] 已加载 11 个设备
[2025-04-30 16:49:29] 批量配置地址工具已启动
[2025-04-30 16:49:29] 已加载 11 个设备
[2025-04-30 16:49:29] 批量配置地址工具已启动
[2025-04-30 16:49:29] 已加载 11 个设备
[2025-04-30 16:49:30] 批量配置地址工具已启动
[2025-04-30 16:49:30] 已加载 11 个设备
[2025-04-30 16:52:37] 批量配置地址工具已启动
[2025-04-30 16:52:37] 已加载 11 个设备
[2025-04-30 16:52:37] 批量配置地址工具已启动
[2025-04-30 16:52:37] 已加载 11 个设备
[2025-04-30 16:52:38] 批量配置地址工具已启动
[2025-04-30 16:52:38] 已加载 11 个设备
[2025-04-30 16:52:38] 批量配置地址工具已启动
[2025-04-30 16:52:38] 已加载 11 个设备
[2025-04-30 16:52:38] 批量配置地址工具已启动
[2025-04-30 16:52:38] 已加载 11 个设备
[2025-04-30 16:52:39] 批量配置地址工具已启动
[2025-04-30 16:52:39] 已加载 11 个设备
[2025-04-30 16:52:39] 批量配置地址工具已启动
[2025-04-30 16:52:39] 已加载 11 个设备
[2025-04-30 16:52:39] 批量配置地址工具已启动
[2025-04-30 16:52:39] 已加载 11 个设备
[2025-04-30 16:52:40] 批量配置地址工具已启动
[2025-04-30 16:52:40] 已加载 11 个设备
[2025-04-30 16:53:12] 批量配置地址工具已启动
[2025-04-30 16:53:12] 已加载 11 个设备
[2025-04-30 16:53:13] 批量配置地址工具已启动
[2025-04-30 16:53:13] 已加载 11 个设备
[2025-04-30 16:53:13] 批量配置地址工具已启动
[2025-04-30 16:53:13] 已加载 11 个设备
[2025-04-30 16:53:13] 批量配置地址工具已启动
[2025-04-30 16:53:13] 已加载 11 个设备
[2025-04-30 16:53:14] 批量配置地址工具已启动
[2025-04-30 16:53:14] 已加载 11 个设备
[2025-04-30 16:53:14] 批量配置地址工具已启动
[2025-04-30 16:53:14] 已加载 11 个设备
[2025-04-30 16:53:14] 批量配置地址工具已启动
[2025-04-30 16:53:14] 已加载 11 个设备
[2025-04-30 16:53:14] 批量配置地址工具已启动
[2025-04-30 16:53:14] 已加载 11 个设备
[2025-04-30 16:53:14] 批量配置地址工具已启动
[2025-04-30 16:53:14] 已加载 11 个设备
[2025-04-30 16:55:29] 批量配置地址工具已启动
[2025-04-30 16:55:29] 已加载 11 个设备
[2025-04-30 16:55:29] 批量配置地址工具已启动
[2025-04-30 16:55:29] 已加载 11 个设备
[2025-04-30 16:55:29] 批量配置地址工具已启动
[2025-04-30 16:55:29] 已加载 11 个设备
[2025-04-30 16:55:30] 批量配置地址工具已启动
[2025-04-30 16:55:30] 已加载 11 个设备
[2025-04-30 16:55:30] 批量配置地址工具已启动
[2025-04-30 16:55:30] 已加载 11 个设备
[2025-04-30 16:55:30] 批量配置地址工具已启动
[2025-04-30 16:55:30] 已加载 11 个设备
[2025-04-30 16:55:31] 批量配置地址工具已启动
[2025-04-30 16:55:31] 已加载 11 个设备
[2025-04-30 16:55:31] 批量配置地址工具已启动
[2025-04-30 16:55:31] 已加载 11 个设备
[2025-04-30 16:55:31] 批量配置地址工具已启动
[2025-04-30 16:55:31] 已加载 11 个设备
[2025-04-30 17:10:36] 批量配置地址工具已启动
[2025-04-30 17:10:36] 已加载 11 个设备
[2025-04-30 17:10:37] 批量配置地址工具已启动
[2025-04-30 17:10:37] 已加载 11 个设备
[2025-04-30 17:10:37] 批量配置地址工具已启动
[2025-04-30 17:10:37] 已加载 11 个设备
[2025-04-30 17:10:38] 批量配置地址工具已启动
[2025-04-30 17:10:38] 已加载 11 个设备
[2025-04-30 17:10:38] 批量配置地址工具已启动
[2025-04-30 17:10:38] 已加载 11 个设备
[2025-04-30 17:10:38] 批量配置地址工具已启动
[2025-04-30 17:10:38] 已加载 11 个设备
[2025-04-30 17:10:39] 批量配置地址工具已启动
[2025-04-30 17:10:39] 已加载 11 个设备
[2025-04-30 17:10:39] 批量配置地址工具已启动
[2025-04-30 17:10:39] 已加载 11 个设备
[2025-04-30 17:13:25] 批量配置地址工具已启动
[2025-04-30 17:13:25] 已加载 11 个设备
[2025-04-30 17:13:25] 批量配置地址工具已启动
[2025-04-30 17:13:25] 已加载 11 个设备
[2025-04-30 17:13:26] 批量配置地址工具已启动
[2025-04-30 17:13:26] 已加载 11 个设备
[2025-04-30 17:13:26] 批量配置地址工具已启动
[2025-04-30 17:13:26] 已加载 11 个设备
[2025-04-30 17:13:26] 批量配置地址工具已启动
[2025-04-30 17:13:26] 已加载 11 个设备
[2025-04-30 17:13:27] 批量配置地址工具已启动
[2025-04-30 17:13:27] 已加载 11 个设备
[2025-04-30 17:13:27] 批量配置地址工具已启动
[2025-04-30 17:13:27] 已加载 11 个设备
[2025-04-30 17:13:27] 批量配置地址工具已启动
[2025-04-30 17:13:27] 已加载 11 个设备
[2025-04-30 17:13:27] 批量配置地址工具已启动
[2025-04-30 17:13:27] 已加载 11 个设备
[2025-04-30 17:15:39] 批量配置地址工具已启动
[2025-04-30 17:15:39] 已加载 11 个设备
[2025-04-30 17:15:39] 批量配置地址工具已启动
[2025-04-30 17:15:39] 已加载 11 个设备
[2025-04-30 17:15:40] 批量配置地址工具已启动
[2025-04-30 17:15:40] 已加载 11 个设备
[2025-04-30 17:15:40] 批量配置地址工具已启动
[2025-04-30 17:15:40] 已加载 11 个设备
[2025-04-30 17:15:40] 批量配置地址工具已启动
[2025-04-30 17:15:40] 已加载 11 个设备
[2025-04-30 17:15:40] 批量配置地址工具已启动
[2025-04-30 17:15:40] 已加载 11 个设备
[2025-04-30 17:15:41] 批量配置地址工具已启动
[2025-04-30 17:15:41] 已加载 11 个设备
[2025-04-30 17:15:41] 批量配置地址工具已启动
[2025-04-30 17:15:41] 已加载 11 个设备
[2025-04-30 17:15:41] 批量配置地址工具已启动
[2025-04-30 17:15:41] 已加载 11 个设备
[2025-04-30 17:27:53] 批量配置地址工具已启动
[2025-04-30 17:27:53] 已加载 11 个设备
[2025-04-30 17:27:53] 批量配置地址工具已启动
[2025-04-30 17:27:53] 已加载 11 个设备
[2025-04-30 17:27:53] 批量配置地址工具已启动
[2025-04-30 17:27:53] 已加载 11 个设备
[2025-04-30 17:27:54] 批量配置地址工具已启动
[2025-04-30 17:27:54] 已加载 11 个设备
[2025-04-30 17:27:54] 批量配置地址工具已启动
[2025-04-30 17:27:54] 已加载 11 个设备
[2025-04-30 17:27:54] 批量配置地址工具已启动
[2025-04-30 17:27:54] 已加载 11 个设备
[2025-04-30 17:27:54] 批量配置地址工具已启动
[2025-04-30 17:27:54] 已加载 11 个设备
[2025-04-30 17:27:54] 批量配置地址工具已启动
[2025-04-30 17:27:54] 已加载 11 个设备
[2025-04-30 17:27:54] 批量配置地址工具已启动
[2025-04-30 17:27:54] 已加载 11 个设备
[2025-04-30 17:34:07] 批量配置地址工具已启动
[2025-04-30 17:34:07] 已加载 11 个设备
[2025-04-30 17:42:06] 批量配置地址工具已启动
[2025-04-30 17:42:06] 已加载 11 个设备
[2025-04-30 17:42:36] 批量配置地址工具已启动
[2025-04-30 17:42:36] 已加载 11 个设备
[2025-04-30 17:44:14] 批量配置地址工具已启动
[2025-04-30 17:44:14] 已加载 11 个设备
[2025-04-30 17:45:40] 批量配置地址工具已启动
[2025-04-30 17:45:40] 已加载 11 个设备
[2025-04-30 17:52:47] 批量配置地址工具已启动
[2025-04-30 17:52:47] 已加载 11 个设备
[2025-04-30 17:58:54] 批量配置地址工具已启动
[2025-04-30 17:58:54] 已加载 11 个设备
[2025-04-30 18:02:13] 批量配置地址工具已启动
[2025-04-30 18:02:13] 已加载 11 个设备
[2025-04-30 18:04:07] 批量配置地址工具已启动
[2025-04-30 18:04:07] 已加载 11 个设备
[2025-04-30 18:14:37] 批量配置地址工具已启动
[2025-04-30 18:14:37] 已加载 11 个设备
[2025-04-30 18:16:49] 批量配置地址工具已启动
[2025-04-30 18:16:49] 已加载 11 个设备
[2025-04-30 18:19:47] 批量配置地址工具已启动
[2025-04-30 18:19:47] 已加载 11 个设备
[2025-04-30 18:24:04] 批量配置地址工具已启动
[2025-04-30 18:24:04] 已加载 11 个设备
[2025-04-30 18:27:46] 批量配置地址工具已启动
[2025-04-30 18:27:46] 已加载 11 个设备
[2025-04-30 18:29:38] 批量配置地址工具已启动
[2025-04-30 18:29:38] 已加载 11 个设备
[2025-04-30 18:33:01] 批量配置地址工具已启动
[2025-04-30 18:33:01] 已加载 11 个设备
[2025-04-30 18:38:24] 批量配置地址工具已启动
[2025-04-30 18:38:24] 已加载 11 个设备
[2025-04-30 18:39:59] 批量配置地址工具已启动
[2025-04-30 18:39:59] 已加载 11 个设备
[2025-04-30 18:41:41] 批量配置地址工具已启动
[2025-04-30 18:41:41] 已加载 11 个设备
[2025-04-30 18:59:47] 批量配置地址工具已启动
[2025-04-30 18:59:47] 已加载 11 个设备
[2025-04-30 21:09:31] 批量配置地址工具已启动
[2025-04-30 21:09:31] 已加载 11 个设备
[2025-04-30 21:09:54] 开始配置设备: 地域1核心交换机 (10.1.0.3)...
[2025-04-30 21:09:54] 正在连接到设备 10.1.0.3...
[2025-04-30 21:09:55] 成功连接到设备 10.1.0.3
[2025-04-30 21:09:55] 进入系统视图...
[2025-04-30 21:09:57] 正在配置端口 G0/0/23 和 VLAN 250...
[2025-04-30 21:09:57] 创建VLAN 250...
[2025-04-30 21:09:59] 配置端口 G0/0/23 加入VLAN 250...
[2025-04-30 21:10:08] 配置VLAN接口 Vlanif250 的IP地址为 192.168.69.1/24...
[2025-04-30 21:10:15] 端口 G0/0/23 和 VLAN 250 配置完成
[2025-04-30 21:10:15] 正在配置端口 G0/0/24 和 VLAN 251...
[2025-04-30 21:10:15] 创建VLAN 251...
[2025-04-30 21:10:17] 配置端口 G0/0/24 加入VLAN 251...
[2025-04-30 21:10:26] 配置VLAN接口 Vlanif251 的IP地址为 192.168.69.2/24...
[2025-04-30 21:10:30] 配置VLAN接口 Vlanif251 失败: Error: The specified address conflicts with another address.
[2025-04-30 21:10:33] 正在保存配置...
[2025-04-30 21:10:41] 配置成功: 成功完成批量配置，共配置了 2 个端口
[2025-04-30 21:12:43] 批量配置地址工具已启动
[2025-04-30 21:12:43] 已加载 11 个设备
[2025-04-30 21:13:25] 开始配置设备: 地域1核心交换机 (10.1.0.3)...
[2025-04-30 21:13:25] 正在连接到设备 10.1.0.3...
[2025-04-30 21:13:26] 成功连接到设备 10.1.0.3
[2025-04-30 21:13:26] 进入系统视图...
[2025-04-30 21:13:28] 正在配置端口 G0/0/16 和 VLAN 266...
[2025-04-30 21:13:28] 创建VLAN 266...
[2025-04-30 21:13:32] 配置端口 G0/0/16 加入VLAN 266...
[2025-04-30 21:13:43] 配置VLAN接口 Vlanif266 的IP地址为 192.168.30.2/16...
[2025-04-30 21:13:50] 端口 G0/0/16 和 VLAN 266 配置完成
[2025-04-30 21:13:50] 正在配置端口 G0/0/17 和 VLAN 267...
[2025-04-30 21:13:50] 创建VLAN 267...
[2025-04-30 21:13:54] 配置端口 G0/0/17 加入VLAN 267...
[2025-04-30 21:14:05] 配置VLAN接口 Vlanif267 的IP地址为 192.168.30.3/16...
[2025-04-30 21:14:10] 配置VLAN接口 Vlanif267 失败: Error: The specified address conflicts with another address.
[2025-04-30 21:14:12] 正在保存配置...
[2025-04-30 21:14:23] 配置成功: 成功完成批量配置，共配置了 1 个端口
[2025-04-30 21:15:34] 批量配置地址工具已启动
[2025-04-30 21:15:34] 已加载 11 个设备
[2025-04-30 21:15:57] 开始配置设备: 地域1汇聚交换机 (22.22.22.22)...
[2025-04-30 21:15:57] 正在连接到设备 22.22.22.22...
[2025-04-30 21:15:58] 成功连接到设备 22.22.22.22
[2025-04-30 21:15:58] 进入系统视图...
[2025-04-30 21:16:00] 正在配置端口 G0/0/23 和 VLAN 250...
[2025-04-30 21:16:00] 创建VLAN 250...
[2025-04-30 21:16:04] 配置端口 G0/0/23 加入VLAN 250...
[2025-04-30 21:16:15] 配置VLAN接口 Vlanif250 的IP地址为 192.168.30.2/24...
[2025-04-30 21:16:22] 端口 G0/0/23 和 VLAN 250 配置完成
[2025-04-30 21:16:22] 正在配置端口 G0/0/24 和 VLAN 251...
[2025-04-30 21:16:22] 创建VLAN 251...
[2025-04-30 21:16:26] 配置端口 G0/0/24 加入VLAN 251...
[2025-04-30 21:16:37] 配置VLAN接口 Vlanif251 的IP地址为 192.168.30.3/24...
[2025-04-30 21:16:42] 配置VLAN接口 Vlanif251 失败: Error: The specified address conflicts with another address.
[2025-04-30 21:16:44] 正在保存配置...
[2025-04-30 21:16:55] 配置成功: 成功完成批量配置，共配置了 1 个端口
[2025-04-30 21:19:13] 批量配置地址工具已启动
[2025-04-30 21:19:13] 已加载 11 个设备
[2025-04-30 21:19:36] 开始配置设备: 地域1汇聚交换机 (33.33.33.33)...
[2025-04-30 21:19:36] 正在连接到设备 33.33.33.33...
[2025-04-30 21:19:37] 成功连接到设备 33.33.33.33
[2025-04-30 21:19:37] 进入系统视图...
[2025-04-30 21:19:39] 正在配置端口 G0/0/23 和 VLAN 250...
[2025-04-30 21:19:39] 创建VLAN 250...
[2025-04-30 21:19:44] 配置端口 G0/0/23 加入VLAN 250...
[2025-04-30 21:19:55] 配置VLAN接口 Vlanif250 的IP地址为 192.168.30.2/24...
[2025-04-30 21:20:01] 端口 G0/0/23 和 VLAN 250 配置完成
[2025-04-30 21:20:01] 正在配置端口 G0/0/24 和 VLAN 251...
[2025-04-30 21:20:01] 创建VLAN 251...
[2025-04-30 21:20:06] 配置端口 G0/0/24 加入VLAN 251...
[2025-04-30 21:20:17] 配置VLAN接口 Vlanif251 的IP地址为 192.168.31.2/24...
[2025-04-30 21:20:23] 端口 G0/0/24 和 VLAN 251 配置完成
[2025-04-30 21:20:23] 正在保存配置...
[2025-04-30 21:20:34] 配置成功: 成功完成批量配置，共配置了 2 个端口
[2025-04-30 21:39:04] 批量配置地址工具已启动
[2025-04-30 21:39:04] 已加载 11 个设备
[2025-04-30 21:43:28] 批量配置地址工具已启动
[2025-04-30 21:43:28] 已加载 11 个设备
[2025-04-30 23:18:29] 批量配置地址工具已启动
[2025-04-30 23:18:29] 已加载 11 个设备
[2025-04-30 23:18:58] 开始配置设备: 地域1汇聚交换机 (33.33.33.33)...
[2025-04-30 23:21:16] 批量配置地址工具已启动
[2025-04-30 23:21:16] 已加载 11 个设备
[2025-04-30 23:28:00] 批量配置地址工具已启动
[2025-04-30 23:28:00] 已加载 11 个设备
[2025-04-30 23:35:20] 批量配置地址工具已启动
[2025-04-30 23:35:20] 已加载 11 个设备
[2025-04-30 23:42:14] 批量配置地址工具已启动
[2025-04-30 23:42:14] 已加载 11 个设备
[2025-04-30 23:42:50] 批量配置地址工具已启动
[2025-04-30 23:42:50] 已加载 11 个设备
[2025-05-01 00:24:59] 批量配置地址工具已启动
[2025-05-01 00:24:59] 已加载 11 个设备
[2025-05-01 00:25:29] 开始配置设备: 地域1核心交换机 (10.1.0.3)...
[2025-05-01 00:26:41] 批量配置地址工具已启动
[2025-05-01 00:26:41] 已加载 11 个设备
[2025-05-01 00:27:02] 开始配置设备: 地域1核心交换机 (10.1.0.3)...
[2025-05-01 00:30:48] 批量配置地址工具已启动
[2025-05-01 00:30:48] 已加载 11 个设备
[2025-05-01 00:31:09] 开始配置设备: 地域1核心交换机 (10.1.0.3)...
[2025-05-01 00:41:10] 批量配置地址工具已启动
[2025-05-01 00:41:10] 已加载 11 个设备
[2025-05-01 00:41:34] 开始配置设备: 地域1核心交换机 (10.1.0.3)...
[2025-05-01 00:45:55] 批量配置地址工具已启动
[2025-05-01 00:45:55] 已加载 11 个设备
[2025-05-01 00:46:14] 开始配置设备: 地域1核心交换机 (10.1.0.3)...
[2025-05-01 00:48:42] 批量配置地址工具已启动
[2025-05-01 00:48:42] 已加载 11 个设备
[2025-05-01 00:49:03] 开始配置设备: 地域1核心交换机 (10.1.0.3)...
[2025-05-01 00:53:02] 批量配置地址工具已启动
[2025-05-01 00:53:02] 已加载 11 个设备
[2025-05-01 00:53:28] 开始配置设备: 地域1汇聚交换机 (22.22.22.22)...
[2025-05-01 00:55:38] 正在测试连接到设备: 地域1汇聚交换机 (22.22.22.22)...
[2025-05-01 00:57:48] 批量配置地址工具已启动
[2025-05-01 00:57:48] 已加载 11 个设备
[2025-05-01 00:58:18] 开始配置设备: 地域1汇聚交换机 (33.33.33.33)...
[2025-05-01 01:03:12] 批量配置地址工具已启动
[2025-05-01 01:03:12] 已加载 11 个设备
[2025-05-01 01:03:52] 开始配置设备: 地域1汇聚交换机 (22.22.22.22)...
[2025-05-01 01:05:25] 批量配置地址工具已启动
[2025-05-01 01:05:25] 已加载 11 个设备
[2025-05-01 01:05:50] 开始配置设备: 地域1汇聚交换机 (22.22.22.22)...
[2025-05-01 01:05:50] 错误: 控制器未实现apply_batch_config方法
[2025-05-01 01:05:57] 开始配置设备: 地域1汇聚交换机 (22.22.22.22)...
[2025-05-01 01:05:57] 错误: 控制器未实现apply_batch_config方法
[2025-05-01 01:07:33] 批量配置地址工具已启动
[2025-05-01 01:07:33] 已加载 11 个设备
[2025-05-01 01:07:57] 开始配置设备: 地域1接入交换机2 (22.22.22.2)...
[2025-05-01 01:16:25] 批量配置地址工具已启动
[2025-05-01 01:16:25] 已加载 11 个设备
[2025-05-01 01:16:31] 正在测试连接到设备: 地域1核心交换机 (10.1.0.3)...
[2025-05-01 01:22:51] 批量配置地址工具已启动
[2025-05-01 01:22:51] 已加载 11 个设备
[2025-05-01 01:23:13] ==================================================
[2025-05-01 01:23:13] 开始配置设备: 地域1接入交换机2 (22.22.22.2)...
[2025-05-01 01:23:13] 配置参数:
[2025-05-01 01:23:13]   VLAN范围: 560 - 561
[2025-05-01 01:23:13]   端口范围: G0/0/8 - G0/0/9
[2025-05-01 01:23:13]   起始IP地址: 192.168.68.1/24
[2025-05-01 01:23:13]   将配置 2 个端口和VLAN
[2025-05-01 01:23:13] ==================================================
[2025-05-01 01:25:55] 批量配置地址工具已启动
[2025-05-01 01:25:55] 已加载 11 个设备
[2025-05-01 01:26:13] ==================================================
[2025-05-01 01:26:13] 开始配置设备: 地域1接入交换机2 (22.22.22.2)...
[2025-05-01 01:26:13] 配置参数:
[2025-05-01 01:26:13]   VLAN范围: 560 - 561
[2025-05-01 01:26:13]   端口范围: G0/0/8 - G0/0/9
[2025-05-01 01:26:13]   起始IP地址: 192.168.96.1/24
[2025-05-01 01:26:13]   将配置 2 个端口和VLAN
[2025-05-01 01:26:13] ==================================================
[2025-05-01 01:30:01] 批量配置地址工具已启动
[2025-05-01 01:30:01] 已加载 11 个设备
[2025-05-01 01:30:21] ==================================================
[2025-05-01 01:30:21] 开始配置设备: 地域1接入交换机2 (22.22.22.2)...
[2025-05-01 01:30:21] 配置参数:
[2025-05-01 01:30:21]   VLAN范围: 560 - 561
[2025-05-01 01:30:21]   端口范围: G0/0/8 - G0/0/9
[2025-05-01 01:30:21]   起始IP地址: 192.168.48.1/24
[2025-05-01 01:30:21]   将配置 2 个端口和VLAN
[2025-05-01 01:30:21] ==================================================
[2025-05-01 01:50:32] 批量配置地址工具已启动
[2025-05-01 01:50:32] 已加载 11 个设备
[2025-05-01 01:50:56] ==================================================
[2025-05-01 01:50:56] 开始对设备 地域1接入交换机2(22.22.22.2) 执行批量配置...
[2025-05-01 01:50:56] 配置参数:
[2025-05-01 01:50:56]   - 起始VLAN: 560
[2025-05-01 01:50:56]   - 端口范围: G0/0/8 - G0/0/9 (共 2 个端口)
[2025-05-01 01:50:56]   - 起始IP: 192.168.69.2/24
[2025-05-01 01:50:56] ==================================================
[2025-05-01 01:50:56] 配置命令已发送，请等待执行结果...
[2025-05-01 01:56:21] 批量配置地址工具已启动
[2025-05-01 01:56:21] 已加载 11 个设备
[2025-05-01 01:56:53] ==================================================
[2025-05-01 01:56:53] 开始对设备 地域1接入交换机2(22.22.22.2) 执行批量配置...
[2025-05-01 01:56:53] 配置参数:
[2025-05-01 01:56:53]   - 起始VLAN: 560
[2025-05-01 01:56:53]   - 端口范围: G0/0/8 - G0/0/9 (共 2 个端口)
[2025-05-01 01:56:53]   - 起始IP: 192.168.30.2/24
[2025-05-01 01:56:53] ==================================================
[2025-05-01 01:56:53] 配置命令已发送，请等待执行结果...
[2025-05-01 01:57:24] [DEBUG] 配置操作进行中，已用时 30 秒
[2025-05-01 01:57:24] [DEBUG] 当前活动线程数: 2
[2025-05-01 01:57:54] [DEBUG] 警告: 配置操作已超过1分钟，可能已经卡住
[2025-05-01 01:57:54] 正在尝试恢复...
[2025-05-01 01:57:54] [DEBUG] 未检测到活动的配置线程，操作可能已失败
[2025-05-01 01:57:54] [DEBUG] 收到配置状态回调: 成功=False, 消息=配置操作超时, 时间: 01:57:54
[2025-05-01 01:57:54] [DEBUG] 移除进度标签
[2025-05-01 01:57:54] [DEBUG] 重新启用应用按钮
[2025-05-01 01:57:54] 配置失败: 配置操作超时 总用时: 61.02秒
[2025-05-01 02:01:08] [DEBUG] 连接控制器信号
[2025-05-01 02:01:08] [DEBUG] 已连接connection_result信号
[2025-05-01 02:01:08] [DEBUG] 已连接config_result信号
[2025-05-01 02:01:08] [DEBUG] 已连接log_message信号
[2025-05-01 02:01:08] 批量配置地址工具已启动
[2025-05-01 02:01:08] 已加载 11 个设备
[2025-05-01 02:01:19] 正在测试连接到设备: 地域1接入交换机2 (22.22.22.2)...
[2025-05-01 02:01:19] 正在连接到设备 22.22.22.2...
[2025-05-01 02:01:19] 正在测试直接telnet连接...
[2025-05-01 02:01:19] Telnet连接建立成功，正在进行登录测试...
[2025-05-01 02:01:20] 收到登录提示: b'\r\r\n\r\nLogin authentication\r\n\r\n\r\nUsername:'
[2025-05-01 02:01:20] 收到密码提示: b'1\r\nPassword:'
[2025-05-01 02:01:20] 登录后响应: b'\r\nInfo: The max number of VTY users is 5, and the number\r\n      of current VTY users on line is 1.\r\n      The current login time is 2025-05-01 02:01:20.\r\n<Huawei>'
[2025-05-01 02:01:20] 命令测试响应: b'display version\r\nHuawei Versatile Routing Platform Software\r\nVRP (R) software, Version 5.110 (S5700 '...
[2025-05-01 02:01:20] Telnet直接连接测试成功
[2025-05-01 02:01:21] 连接成功: 连接测试成功
[2025-05-01 02:01:37] 开始测试信号传递机制...
[2025-05-01 02:01:37] 开始简单信号测试...
[2025-05-01 02:01:37] 测试线程已启动，线程ID: 39660
[2025-05-01 02:01:37] 测试线程: 延迟1秒...
[2025-05-01 02:01:38] 测试线程: 已完成25%
[2025-05-01 02:01:38] 测试线程: 已完成50%
[2025-05-01 02:01:39] 测试线程: 已完成75%
[2025-05-01 02:01:39] 测试线程: 准备发送完成信号
[2025-05-01 02:01:39] [DEBUG] 收到配置状态回调: 成功=True, 消息=测试线程成功完成!, 时间: 02:01:39
[2025-05-01 02:01:39] [DEBUG] 停止超时计时器
[2025-05-01 02:01:39] [DEBUG] 移除进度标签
[2025-05-01 02:01:39] [DEBUG] 重新启用应用按钮
[2025-05-01 02:01:39] 配置成功: 测试线程成功完成! 总用时: 2.51秒
[2025-05-01 02:01:39] 测试线程: 完成信号已发送
[2025-05-01 02:01:39] 测试线程已结束
[2025-05-01 02:01:43] ==================================================
[2025-05-01 02:01:43] 开始对设备 地域1接入交换机2(22.22.22.2) 执行批量配置...
[2025-05-01 02:01:43] 配置参数:
[2025-05-01 02:01:43]   - 起始VLAN: 560
[2025-05-01 02:01:43]   - 端口范围: G0/0/8 - G0/0/9 (共 2 个端口)
[2025-05-01 02:01:43]   - 起始IP: 192.168.88.1/24
[2025-05-01 02:01:43] ==================================================
[2025-05-01 02:01:43] 开始批量配置，请等待...
[2025-05-01 02:01:43] 批量配置线程已启动，线程ID: 34748
[2025-05-01 02:01:43] 配置命令已发送，请等待执行结果...
[2025-05-01 02:01:43] 正在配置设备 22.22.22.2...
[2025-05-01 02:01:43] 配置VLAN 560 到 561
[2025-05-01 02:01:43] 配置端口 G0/0/8 到 G0/0/9
[2025-05-01 02:01:43] 配置IP地址 192.168.88.1/24
[2025-05-01 02:01:44] 配置端口 G0/0/8 成功
[2025-05-01 02:01:44] 配置端口 G0/0/9 成功
[2025-05-01 02:01:45] 保存配置...
[2025-05-01 02:01:45] ==================================================
[2025-05-01 02:01:45] ★★★★★ 配置已完成! ★★★★★
[2025-05-01 02:01:45] 批量配置完成! 成功配置了 2/2 个端口
[2025-05-01 02:01:45] 配置的VLAN范围: 560 - 561
[2025-05-01 02:01:45] ==================================================
[2025-05-01 02:01:45] [DEBUG] 收到配置状态回调: 成功=True, 消息=配置已成功完成，共配置了 2 个端口，耗时 1.9 秒, 时间: 02:01:45
[2025-05-01 02:01:45] [DEBUG] 停止超时计时器
[2025-05-01 02:01:45] [DEBUG] 移除进度标签
[2025-05-01 02:01:45] [DEBUG] 重新启用应用按钮
[2025-05-01 02:01:45] 配置成功: 配置已成功完成，共配置了 2 个端口，耗时 1.9 秒 总用时: 1.92秒
[2025-05-01 02:01:45] 批量配置线程执行完毕
[2025-05-01 02:02:34] ==================================================
[2025-05-01 02:02:34] 开始对设备 地域1接入交换机2(22.22.22.2) 执行批量配置...
[2025-05-01 02:02:34] 配置参数:
[2025-05-01 02:02:34]   - 起始VLAN: 560
[2025-05-01 02:02:34]   - 端口范围: G0/0/8 - G0/0/9 (共 2 个端口)
[2025-05-01 02:02:34]   - 起始IP: 192.168.88.1/24
[2025-05-01 02:02:34] ==================================================
[2025-05-01 02:02:34] 开始批量配置，请等待...
[2025-05-01 02:02:34] 批量配置线程已启动，线程ID: 38620
[2025-05-01 02:02:34] 配置命令已发送，请等待执行结果...
[2025-05-01 02:02:34] 正在配置设备 22.22.22.2...
[2025-05-01 02:02:34] 配置VLAN 560 到 561
[2025-05-01 02:02:34] 配置端口 G0/0/8 到 G0/0/9
[2025-05-01 02:02:34] 配置IP地址 192.168.88.1/24
[2025-05-01 02:02:35] 配置端口 G0/0/8 成功
[2025-05-01 02:02:35] 配置端口 G0/0/9 成功
[2025-05-01 02:02:35] 保存配置...
[2025-05-01 02:02:36] ==================================================
[2025-05-01 02:02:36] ★★★★★ 配置已完成! ★★★★★
[2025-05-01 02:02:36] 批量配置完成! 成功配置了 2/2 个端口
[2025-05-01 02:02:36] 配置的VLAN范围: 560 - 561
[2025-05-01 02:02:36] ==================================================
[2025-05-01 02:02:36] [DEBUG] 收到配置状态回调: 成功=True, 消息=配置已成功完成，共配置了 2 个端口，耗时 1.9 秒, 时间: 02:02:36
[2025-05-01 02:02:36] [DEBUG] 停止超时计时器
[2025-05-01 02:02:36] [DEBUG] 移除进度标签
[2025-05-01 02:02:36] [DEBUG] 重新启用应用按钮
[2025-05-01 02:02:36] 配置成功: 配置已成功完成，共配置了 2 个端口，耗时 1.9 秒 总用时: 1.92秒
[2025-05-01 02:02:36] 批量配置线程执行完毕
[2025-05-01 02:04:06] [DEBUG] 连接控制器信号
[2025-05-01 02:04:06] [DEBUG] 已连接connection_result信号
[2025-05-01 02:04:06] [DEBUG] 已连接config_result信号
[2025-05-01 02:04:06] [DEBUG] 已连接log_message信号
[2025-05-01 02:04:06] 批量配置地址工具已启动
[2025-05-01 02:04:06] 已加载 11 个设备
[2025-05-01 02:04:25] [DEBUG] 连接控制器信号
[2025-05-01 02:04:25] [DEBUG] 已连接connection_result信号
[2025-05-01 02:04:25] [DEBUG] 已连接config_result信号
[2025-05-01 02:04:25] [DEBUG] 已连接log_message信号
[2025-05-01 02:04:25] 批量配置地址工具已启动
[2025-05-01 02:04:25] 已加载 11 个设备
[2025-05-01 02:04:44] ==================================================
[2025-05-01 02:04:44] 开始对设备 地域1汇聚交换机(22.22.22.22) 执行批量配置...
[2025-05-01 02:04:44] 配置参数:
[2025-05-01 02:04:44]   - 起始VLAN: 560
[2025-05-01 02:04:44]   - 端口范围: G0/0/8 - G0/0/9 (共 2 个端口)
[2025-05-01 02:04:44]   - 起始IP: 192.168.69.1/24
[2025-05-01 02:04:44] ==================================================
[2025-05-01 02:04:44] 开始批量配置，请等待...
[2025-05-01 02:04:44] 批量配置线程已启动，线程ID: 32676
[2025-05-01 02:04:44] 配置命令已发送，请等待执行结果...
[2025-05-01 02:04:44] 正在配置设备 22.22.22.22...
[2025-05-01 02:04:44] 正在连接到设备 22.22.22.22...
[2025-05-01 02:04:44] Telnet连接建立成功，正在登录...
[2025-05-01 02:04:45] 成功登录到设备
[2025-05-01 02:04:45] 已进入系统视图
[2025-05-01 02:04:45] 正在创建VLAN 560...
[2025-05-01 02:04:45] VLAN 560 配置完成
[2025-05-01 02:04:45] 正在创建VLAN 561...
[2025-05-01 02:04:45] VLAN 561 配置完成
[2025-05-01 02:04:45] 正在配置端口 G0/0/8...
[2025-05-01 02:04:45] 配置端口 G0/0/8 成功
[2025-05-01 02:04:45] 正在配置端口 G0/0/9...
[2025-05-01 02:04:45] 配置端口 G0/0/9 成功
[2025-05-01 02:04:45] 正在保存配置...
[2025-05-01 02:04:50] 配置已保存
[2025-05-01 02:04:50] ==================================================
[2025-05-01 02:04:50] ★★★★★ 配置已完成! ★★★★★
[2025-05-01 02:04:50] 批量配置完成! 成功配置了 2/2 个端口
[2025-05-01 02:04:50] 配置的VLAN范围: 560 - 561
[2025-05-01 02:04:50] ==================================================
[2025-05-01 02:04:50] [DEBUG] 收到配置状态回调: 成功=True, 消息=配置已成功完成，共配置了 2 个端口，耗时 6.0 秒, 时间: 02:04:50
[2025-05-01 02:04:50] [DEBUG] 停止超时计时器
[2025-05-01 02:04:50] [DEBUG] 移除进度标签
[2025-05-01 02:04:50] [DEBUG] 重新启用应用按钮
[2025-05-01 02:04:50] 配置成功: 配置已成功完成，共配置了 2 个端口，耗时 6.0 秒 总用时: 6.04秒
[2025-05-01 02:04:50] 批量配置线程执行完毕
[2025-05-01 02:14:56] [DEBUG] 连接控制器信号
[2025-05-01 02:14:56] [DEBUG] 已连接connection_result信号
[2025-05-01 02:14:56] [DEBUG] 已连接config_result信号
[2025-05-01 02:14:56] [DEBUG] 已连接log_message信号
[2025-05-01 02:14:56] 批量配置地址工具已启动
[2025-05-01 02:14:56] 已加载 11 个设备
[2025-05-01 02:15:26] ==================================================
[2025-05-01 02:15:26] 开始对设备 地域1汇聚交换机(33.33.33.33) 执行批量配置...
[2025-05-01 02:15:26] 配置参数:
[2025-05-01 02:15:26]   - 起始VLAN: 560
[2025-05-01 02:15:26]   - 端口范围: G0/0/8 - G0/0/9 (共 2 个端口)
[2025-05-01 02:15:26]   - 起始IP: 192.168.69.1/24
[2025-05-01 02:15:26] ==================================================
[2025-05-01 02:15:26] 开始批量配置，请等待...
[2025-05-01 02:15:26] 批量配置线程已启动，线程ID: 45696
[2025-05-01 02:15:26] 配置命令已发送，请等待执行结果...
[2025-05-01 02:15:26] 正在配置设备 33.33.33.33...
[2025-05-01 02:15:26] 正在连接到设备 33.33.33.33...
[2025-05-01 02:15:26] Telnet连接建立成功，正在登录...
[2025-05-01 02:15:27] 成功登录到设备
[2025-05-01 02:15:27] 已进入系统视图
[2025-05-01 02:15:27] 正在创建VLAN 560...
[2025-05-01 02:15:27] VLAN 560 创建完成
[2025-05-01 02:15:27] 正在创建VLAN 561...
[2025-05-01 02:15:27] VLAN 561 创建完成
[2025-05-01 02:15:27] 正在配置端口 GigabitEthernet0/0/8...
[2025-05-01 02:15:27] 端口 GigabitEthernet0/0/8 已加入VLAN 560
[2025-05-01 02:15:27] 正在配置端口 GigabitEthernet0/0/9...
[2025-05-01 02:15:27] 端口 GigabitEthernet0/0/9 已加入VLAN 561
[2025-05-01 02:15:27] 正在配置VLAN 560接口和IP地址...
[2025-05-01 02:15:27] VLAN 560接口IP配置为 192.168.69.1/24
[2025-05-01 02:15:27] 正在配置VLAN 561接口和IP地址...
[2025-05-01 02:15:27] VLAN 561接口IP配置为 192.168.69.2/24
[2025-05-01 02:15:27] 正在保存配置...
[2025-05-01 02:15:32] 配置已保存
[2025-05-01 02:15:32] 批量配置线程执行完毕
[2025-05-01 02:15:41] [DEBUG] 15秒安全检查 - 请求尚未完成
[2025-05-01 02:15:41] [DEBUG] 配置操作进行中，已用时 15 秒
[2025-05-01 02:15:41] [DEBUG] 当前活动线程数: 2
[2025-05-01 02:15:56] [DEBUG] 配置操作进行中，已用时 30 秒
[2025-05-01 02:15:56] [DEBUG] 当前活动线程数: 2
[2025-05-01 02:15:56] [DEBUG] 警告: 配置操作已超过30秒，可能已经卡住
[2025-05-01 02:15:56] 正在尝试恢复...
[2025-05-01 02:15:56] [DEBUG] 未检测到活动的配置线程，操作可能已失败
[2025-05-01 02:15:56] [DEBUG] 收到配置状态回调: 成功=False, 消息=配置操作超时, 时间: 02:15:56
[2025-05-01 02:15:56] [DEBUG] 移除进度标签
[2025-05-01 02:15:56] [DEBUG] 重新启用应用按钮
[2025-05-01 02:15:56] 配置失败: 配置操作超时 总用时: 30.01秒
[2025-05-01 02:17:19] [DEBUG] 连接控制器信号
[2025-05-01 02:17:19] [DEBUG] 已连接connection_result信号
[2025-05-01 02:17:19] [DEBUG] 已连接config_result信号
[2025-05-01 02:17:19] [DEBUG] 已连接log_message信号
[2025-05-01 02:17:19] 批量配置地址工具已启动
[2025-05-01 02:17:19] 已加载 11 个设备
[2025-05-01 02:18:19] [DEBUG] 连接控制器信号
[2025-05-01 02:18:19] [DEBUG] 已连接connection_result信号
[2025-05-01 02:18:19] [DEBUG] 已连接config_result信号
[2025-05-01 02:18:19] [DEBUG] 已连接log_message信号
[2025-05-01 02:18:19] 批量配置地址工具已启动
[2025-05-01 02:18:19] 已加载 11 个设备
[2025-05-01 02:18:46] ==================================================
[2025-05-01 02:18:46] 开始对设备 地域1汇聚交换机(33.33.33.33) 执行批量配置...
[2025-05-01 02:18:46] 配置参数:
[2025-05-01 02:18:46]   - 起始VLAN: 580
[2025-05-01 02:18:46]   - 端口范围: G0/0/10 - G0/0/11 (共 2 个端口)
[2025-05-01 02:18:46]   - 起始IP: 192.168.31.2/24
[2025-05-01 02:18:46] ==================================================
[2025-05-01 02:18:46] 开始批量配置，请等待...
[2025-05-01 02:18:46] 批量配置线程已启动，线程ID: 37056
[2025-05-01 02:18:46] 配置命令已发送，请等待执行结果...
[2025-05-01 02:18:46] 正在配置设备 33.33.33.33...
[2025-05-01 02:18:46] 正在连接到设备 33.33.33.33...
[2025-05-01 02:18:46] Telnet连接建立成功，正在登录...
[2025-05-01 02:18:46] 成功登录到设备
[2025-05-01 02:18:46] 已进入系统视图
[2025-05-01 02:18:46] 正在创建VLAN 580...
[2025-05-01 02:18:46] VLAN 580 创建完成
[2025-05-01 02:18:46] 正在创建VLAN 581...
[2025-05-01 02:18:46] VLAN 581 创建完成
[2025-05-01 02:18:46] 正在配置端口 GigabitEthernet0/0/10...
[2025-05-01 02:18:46] 端口 GigabitEthernet0/0/10 已加入VLAN 580
[2025-05-01 02:18:46] 正在配置端口 GigabitEthernet0/0/11...
[2025-05-01 02:18:47] 端口 GigabitEthernet0/0/11 已加入VLAN 581
[2025-05-01 02:18:47] 正在配置VLAN 580接口和IP地址...
[2025-05-01 02:18:47] VLAN 580接口IP配置为 192.168.31.2/24
[2025-05-01 02:18:47] 正在配置VLAN 581接口和IP地址...
[2025-05-01 02:18:47] VLAN 581接口IP配置为 192.168.32.2/24
[2025-05-01 02:18:47] 正在保存配置...
[2025-05-01 02:18:52] 配置已保存
[2025-05-01 02:18:52] [DEBUG] 收到配置状态回调: 成功=True, 消息=配置已成功完成，共配置了 2 个端口，耗时 5.8 秒, 时间: 02:18:52
[2025-05-01 02:18:52] [DEBUG] 停止超时计时器
[2025-05-01 02:18:52] [DEBUG] 移除进度标签
[2025-05-01 02:18:52] [DEBUG] 重新启用应用按钮
[2025-05-01 02:18:52] 配置成功: 配置已成功完成，共配置了 2 个端口，耗时 5.8 秒 总用时: 5.79秒
[2025-05-01 02:18:52] 批量配置线程执行完毕
[2025-05-01 15:35:36] [DEBUG] 连接控制器信号
[2025-05-01 15:35:36] [DEBUG] 已连接connection_result信号
[2025-05-01 15:35:36] [DEBUG] 已连接config_result信号
[2025-05-01 15:35:36] [DEBUG] 已连接log_message信号
[2025-05-01 15:35:36] 批量配置地址工具已启动
[2025-05-01 15:35:36] 已加载 11 个设备
[2025-05-01 15:35:45] 开始测试信号传递机制...
[2025-05-01 15:35:45] 开始简单信号测试...
[2025-05-01 15:35:45] 测试线程已启动，线程ID: 4924
[2025-05-01 15:35:45] 测试线程: 延迟1秒...
[2025-05-01 15:35:46] 测试线程: 已完成25%
[2025-05-01 15:35:47] 测试线程: 已完成50%
[2025-05-01 15:35:47] 测试线程: 已完成75%
[2025-05-01 15:35:48] 测试线程: 准备发送完成信号
[2025-05-01 15:35:48] [DEBUG] 收到配置状态回调: 成功=True, 消息=测试线程成功完成!, 时间: 15:35:48
[2025-05-01 15:35:48] [DEBUG] 停止超时计时器
[2025-05-01 15:35:48] [DEBUG] 移除进度标签
[2025-05-01 15:35:48] [DEBUG] 重新启用应用按钮
[2025-05-01 15:35:48] 配置成功: 测试线程成功完成! 总用时: 2.56秒
[2025-05-01 15:35:48] 测试线程: 完成信号已发送
[2025-05-01 15:35:48] 测试线程已结束
[2025-05-01 16:53:52] [DEBUG] 连接控制器信号
[2025-05-01 16:53:52] [DEBUG] 已连接connection_result信号
[2025-05-01 16:53:52] [DEBUG] 已连接config_result信号
[2025-05-01 16:53:52] [DEBUG] 已连接log_message信号
[2025-05-01 16:53:52] 批量配置地址工具已启动
[2025-05-01 16:53:52] 已加载 11 个设备
[2025-05-01 18:24:07] [DEBUG] 连接控制器信号
[2025-05-01 18:24:07] [DEBUG] 已连接connection_result信号
[2025-05-01 18:24:07] [DEBUG] 已连接config_result信号
[2025-05-01 18:24:07] [DEBUG] 已连接log_message信号
[2025-05-01 18:24:07] 批量配置地址工具已启动
[2025-05-01 18:24:07] 已加载 11 个设备
[2025-05-01 18:28:17] [DEBUG] 连接控制器信号
[2025-05-01 18:28:17] [DEBUG] 已连接connection_result信号
[2025-05-01 18:28:17] [DEBUG] 已连接config_result信号
[2025-05-01 18:28:17] [DEBUG] 已连接log_message信号
[2025-05-01 18:28:17] 批量配置地址工具已启动
[2025-05-01 18:28:17] 已加载 11 个设备
[2025-05-01 18:29:24] 开始测试信号传递机制...
[2025-05-01 18:29:24] 开始简单信号测试...
[2025-05-01 18:29:24] 测试线程已启动，线程ID: 33212
[2025-05-01 18:29:24] 测试线程: 延迟1秒...
[2025-05-01 18:29:25] 测试线程: 已完成25%
[2025-05-01 18:29:26] 测试线程: 已完成50%
[2025-05-01 18:29:26] 测试线程: 已完成75%
[2025-05-01 18:29:27] 测试线程: 准备发送完成信号
[2025-05-01 18:29:27] [DEBUG] 收到配置状态回调: 成功=True, 消息=测试线程成功完成!, 时间: 18:29:27
[2025-05-01 18:29:27] [DEBUG] 停止超时计时器
[2025-05-01 18:29:27] [DEBUG] 移除进度标签
[2025-05-01 18:29:27] [DEBUG] 重新启用应用按钮
[2025-05-01 18:29:27] 配置成功: 测试线程成功完成! 总用时: 2.52秒
[2025-05-01 18:29:27] 测试线程: 完成信号已发送
[2025-05-01 18:29:27] 测试线程已结束
[2025-05-01 18:29:50] ==================================================
[2025-05-01 18:29:50] 开始对设备 地域1核心交换机(10.1.0.3) 执行批量配置...
[2025-05-01 18:29:50] 配置参数:
[2025-05-01 18:29:50]   - 起始VLAN: 250
[2025-05-01 18:29:50]   - 端口范围: G0/0/8 - G0/0/9 (共 2 个端口)
[2025-05-01 18:29:50]   - 起始IP: 192.168.89.1/24
[2025-05-01 18:29:50] ==================================================
[2025-05-01 18:29:50] 开始批量配置，请等待...
[2025-05-01 18:29:50] 批量配置线程已启动，线程ID: 26584
[2025-05-01 18:29:50] 配置命令已发送，请等待执行结果...
[2025-05-01 18:29:50] 正在配置设备 10.1.0.3...
[2025-05-01 18:29:50] 正在连接到设备 10.1.0.3...
[2025-05-01 18:29:50] Telnet连接建立成功，正在登录...
[2025-05-01 18:29:50] 成功登录到设备
[2025-05-01 18:29:50] 已进入系统视图
[2025-05-01 18:29:50] 正在创建VLAN 250...
[2025-05-01 18:29:50] VLAN 250 创建完成
[2025-05-01 18:29:50] 正在创建VLAN 251...
[2025-05-01 18:29:50] VLAN 251 创建完成
[2025-05-01 18:29:50] 正在配置端口 GigabitEthernet0/0/8...
[2025-05-01 18:29:51] 端口 GigabitEthernet0/0/8 已加入VLAN 250
[2025-05-01 18:29:51] 正在配置端口 GigabitEthernet0/0/9...
[2025-05-01 18:29:51] 端口 GigabitEthernet0/0/9 已加入VLAN 251
[2025-05-01 18:29:51] 正在配置VLAN 250接口和IP地址...
[2025-05-01 18:29:51] VLAN 250接口IP配置为 192.168.89.1/24
[2025-05-01 18:29:51] 正在配置VLAN 251接口和IP地址...
[2025-05-01 18:29:51] VLAN 251接口IP配置为 192.168.90.1/24
[2025-05-01 18:29:51] 正在保存配置...
[2025-05-01 18:29:57] 配置已保存
[2025-05-01 18:29:57] [DEBUG] 收到配置状态回调: 成功=True, 消息=配置已成功完成，共配置了 2 个端口，耗时 7.0 秒, 时间: 18:29:57
[2025-05-01 18:29:57] [DEBUG] 停止超时计时器
[2025-05-01 18:29:57] [DEBUG] 移除进度标签
[2025-05-01 18:29:57] [DEBUG] 重新启用应用按钮
[2025-05-01 18:29:57] 配置成功: 配置已成功完成，共配置了 2 个端口，耗时 7.0 秒 总用时: 6.98秒
[2025-05-01 18:29:57] 模拟创建VLAN 250 成功
[2025-05-01 18:29:57] 模拟创建VLAN 251 成功
[2025-05-01 18:29:57] 模拟端口 GigabitEthernet0/0/8 已加入VLAN 250
[2025-05-01 18:29:57] 模拟端口 GigabitEthernet0/0/9 已加入VLAN 251
[2025-05-01 18:29:57] 模拟配置VLAN 250接口: IP地址 192.168.89.1/24
[2025-05-01 18:29:57] 模拟配置VLAN 251接口: IP地址 192.168.90.1/24
[2025-05-01 18:29:57] 模拟保存配置成功
[2025-05-01 18:29:57] ==================================================
[2025-05-01 18:29:57] ★★★★★ 配置已完成! ★★★★★
[2025-05-01 18:29:57] 批量配置完成! 成功配置了 2/2 个端口
[2025-05-01 18:29:57] 配置的VLAN范围: 250 - 251
[2025-05-01 18:29:57] ==================================================
[2025-05-01 18:29:57] 批量配置线程执行完毕
[2025-05-01 18:39:19] [DEBUG] 连接控制器信号
[2025-05-01 18:39:19] [DEBUG] 已连接connection_result信号
[2025-05-01 18:39:19] [DEBUG] 已连接config_result信号
[2025-05-01 18:39:19] [DEBUG] 已连接log_message信号
[2025-05-01 18:39:19] 批量配置地址工具已启动
[2025-05-01 18:39:19] 已加载 11 个设备
[2025-05-01 18:42:30] [DEBUG] 连接控制器信号
[2025-05-01 18:42:30] [DEBUG] 已连接connection_result信号
[2025-05-01 18:42:30] [DEBUG] 已连接config_result信号
[2025-05-01 18:42:30] [DEBUG] 已连接log_message信号
[2025-05-01 18:42:30] 批量配置地址工具已启动
[2025-05-01 18:42:30] 已加载 11 个设备
[2025-05-01 18:47:30] [DEBUG] 连接控制器信号
[2025-05-01 18:47:30] [DEBUG] 已连接connection_result信号
[2025-05-01 18:47:30] [DEBUG] 已连接config_result信号
[2025-05-01 18:47:30] [DEBUG] 已连接log_message信号
[2025-05-01 18:47:30] 批量配置地址工具已启动
[2025-05-01 18:47:30] 已加载 11 个设备
[2025-05-01 18:49:08] [DEBUG] 连接控制器信号
[2025-05-01 18:49:08] [DEBUG] 已连接connection_result信号
[2025-05-01 18:49:08] [DEBUG] 已连接config_result信号
[2025-05-01 18:49:08] [DEBUG] 已连接log_message信号
[2025-05-01 18:49:08] 批量配置地址工具已启动
[2025-05-01 18:49:08] 已加载 11 个设备
[2025-05-01 19:06:31] [DEBUG] 连接控制器信号
[2025-05-01 19:06:31] [DEBUG] 已连接connection_result信号
[2025-05-01 19:06:31] [DEBUG] 已连接config_result信号
[2025-05-01 19:06:31] [DEBUG] 已连接log_message信号
[2025-05-01 19:06:31] 批量配置地址工具已启动
[2025-05-01 19:06:31] 已加载 11 个设备
[2025-05-02 13:54:46] [DEBUG] 连接控制器信号
[2025-05-02 13:54:46] [DEBUG] 已连接connection_result信号
[2025-05-02 13:54:46] [DEBUG] 已连接config_result信号
[2025-05-02 13:54:46] [DEBUG] 已连接log_message信号
[2025-05-02 13:54:46] 批量配置地址工具已启动
[2025-05-02 13:54:46] 已加载 11 个设备
[2025-05-02 14:19:28] [DEBUG] 连接控制器信号
[2025-05-02 14:19:28] [DEBUG] 已连接connection_result信号
[2025-05-02 14:19:28] [DEBUG] 已连接config_result信号
[2025-05-02 14:19:28] [DEBUG] 已连接log_message信号
[2025-05-02 14:19:28] 批量配置地址工具已启动
[2025-05-02 14:19:28] 已加载 11 个设备
[2025-05-02 15:38:17] [DEBUG] 连接控制器信号
[2025-05-02 15:38:17] [DEBUG] 已连接connection_result信号
[2025-05-02 15:38:17] [DEBUG] 已连接config_result信号
[2025-05-02 15:38:17] [DEBUG] 已连接log_message信号
[2025-05-02 15:38:17] 批量配置地址工具已启动
[2025-05-02 15:38:17] 已加载 11 个设备
[2025-05-02 15:39:41] [DEBUG] 连接控制器信号
[2025-05-02 15:39:41] [DEBUG] 已连接connection_result信号
[2025-05-02 15:39:41] [DEBUG] 已连接config_result信号
[2025-05-02 15:39:41] [DEBUG] 已连接log_message信号
[2025-05-02 15:39:41] 批量配置地址工具已启动
[2025-05-02 15:39:41] 已加载 11 个设备
[2025-05-02 15:43:25] [DEBUG] 连接控制器信号
[2025-05-02 15:43:25] [DEBUG] 已连接connection_result信号
[2025-05-02 15:43:25] [DEBUG] 已连接config_result信号
[2025-05-02 15:43:25] [DEBUG] 已连接log_message信号
[2025-05-02 15:43:25] 批量配置地址工具已启动
[2025-05-02 15:43:25] 已加载 11 个设备
[2025-05-02 15:47:38] [DEBUG] 连接控制器信号
[2025-05-02 15:47:38] [DEBUG] 已连接connection_result信号
[2025-05-02 15:47:38] [DEBUG] 已连接config_result信号
[2025-05-02 15:47:38] [DEBUG] 已连接log_message信号
[2025-05-02 15:47:38] 批量配置地址工具已启动
[2025-05-02 15:47:38] 已加载 11 个设备
[2025-05-02 15:57:11] [DEBUG] 连接控制器信号
[2025-05-02 15:57:11] [DEBUG] 已连接connection_result信号
[2025-05-02 15:57:11] [DEBUG] 已连接config_result信号
[2025-05-02 15:57:11] [DEBUG] 已连接log_message信号
[2025-05-02 15:57:11] 批量配置地址工具已启动
[2025-05-02 15:57:11] 已加载 11 个设备
[2025-05-02 16:02:35] [DEBUG] 连接控制器信号
[2025-05-02 16:02:35] [DEBUG] 已连接connection_result信号
[2025-05-02 16:02:35] [DEBUG] 已连接config_result信号
[2025-05-02 16:02:35] [DEBUG] 已连接log_message信号
[2025-05-02 16:02:35] 批量配置地址工具已启动
[2025-05-02 16:02:35] 已加载 11 个设备
[2025-05-02 16:13:30] [DEBUG] 连接控制器信号
[2025-05-02 16:13:30] [DEBUG] 已连接connection_result信号
[2025-05-02 16:13:30] [DEBUG] 已连接config_result信号
[2025-05-02 16:13:30] [DEBUG] 已连接log_message信号
[2025-05-02 16:13:30] 批量配置地址工具已启动
[2025-05-02 16:13:30] 已加载 11 个设备
[2025-05-02 16:14:02] [DEBUG] 连接控制器信号
[2025-05-02 16:14:02] [DEBUG] 已连接connection_result信号
[2025-05-02 16:14:02] [DEBUG] 已连接config_result信号
[2025-05-02 16:14:02] [DEBUG] 已连接log_message信号
[2025-05-02 16:14:02] 批量配置地址工具已启动
[2025-05-02 16:14:02] 已加载 11 个设备
[2025-05-02 16:21:57] [DEBUG] 连接控制器信号
[2025-05-02 16:21:57] [DEBUG] 已连接connection_result信号
[2025-05-02 16:21:57] [DEBUG] 已连接config_result信号
[2025-05-02 16:21:57] [DEBUG] 已连接log_message信号
[2025-05-02 16:21:57] 批量配置地址工具已启动
[2025-05-02 16:21:57] 已加载 11 个设备
[2025-05-02 16:28:21] [DEBUG] 连接控制器信号
[2025-05-02 16:28:21] [DEBUG] 已连接connection_result信号
[2025-05-02 16:28:21] [DEBUG] 已连接config_result信号
[2025-05-02 16:28:21] [DEBUG] 已连接log_message信号
[2025-05-02 16:28:21] 批量配置地址工具已启动
[2025-05-02 16:28:21] 已加载 11 个设备
[2025-05-02 16:35:53] [DEBUG] 连接控制器信号
[2025-05-02 16:35:53] [DEBUG] 已连接connection_result信号
[2025-05-02 16:35:53] [DEBUG] 已连接config_result信号
[2025-05-02 16:35:53] [DEBUG] 已连接log_message信号
[2025-05-02 16:35:53] 批量配置地址工具已启动
[2025-05-02 16:35:53] 已加载 11 个设备
[2025-05-02 16:40:45] [DEBUG] 连接控制器信号
[2025-05-02 16:40:45] [DEBUG] 已连接connection_result信号
[2025-05-02 16:40:45] [DEBUG] 已连接config_result信号
[2025-05-02 16:40:45] [DEBUG] 已连接log_message信号
[2025-05-02 16:40:45] 批量配置地址工具已启动
[2025-05-02 16:40:45] 已加载 11 个设备
[2025-05-02 16:47:27] [DEBUG] 连接控制器信号
[2025-05-02 16:47:27] [DEBUG] 已连接connection_result信号
[2025-05-02 16:47:27] [DEBUG] 已连接config_result信号
[2025-05-02 16:47:27] [DEBUG] 已连接log_message信号
[2025-05-02 16:47:27] 批量配置地址工具已启动
[2025-05-02 16:47:27] 已加载 11 个设备
[2025-05-02 16:55:24] [DEBUG] 连接控制器信号
[2025-05-02 16:55:24] [DEBUG] 已连接connection_result信号
[2025-05-02 16:55:24] [DEBUG] 已连接config_result信号
[2025-05-02 16:55:24] [DEBUG] 已连接log_message信号
[2025-05-02 16:55:24] 批量配置地址工具已启动
[2025-05-02 16:55:24] 已加载 11 个设备
[2025-05-02 17:14:57] [DEBUG] 连接控制器信号
[2025-05-02 17:14:57] [DEBUG] 已连接connection_result信号
[2025-05-02 17:14:57] [DEBUG] 已连接config_result信号
[2025-05-02 17:14:57] [DEBUG] 已连接log_message信号
[2025-05-02 17:14:57] 批量配置地址工具已启动
[2025-05-02 17:14:57] 已加载 11 个设备
[2025-05-02 17:28:29] [DEBUG] 连接控制器信号
[2025-05-02 17:28:29] [DEBUG] 已连接connection_result信号
[2025-05-02 17:28:29] [DEBUG] 已连接config_result信号
[2025-05-02 17:28:29] [DEBUG] 已连接log_message信号
[2025-05-02 17:28:29] 批量配置地址工具已启动
[2025-05-02 17:28:29] 已加载 11 个设备
[2025-05-02 17:30:43] [DEBUG] 连接控制器信号
[2025-05-02 17:30:43] [DEBUG] 已连接connection_result信号
[2025-05-02 17:30:43] [DEBUG] 已连接config_result信号
[2025-05-02 17:30:43] [DEBUG] 已连接log_message信号
[2025-05-02 17:30:43] 批量配置地址工具已启动
[2025-05-02 17:30:43] 已加载 11 个设备
[2025-05-02 17:46:12] [DEBUG] 连接控制器信号
[2025-05-02 17:46:12] [DEBUG] 已连接connection_result信号
[2025-05-02 17:46:12] [DEBUG] 已连接config_result信号
[2025-05-02 17:46:12] [DEBUG] 已连接log_message信号
[2025-05-02 17:46:12] 批量配置地址工具已启动
[2025-05-02 17:46:12] 已加载 11 个设备
[2025-05-02 17:47:08] [DEBUG] 连接控制器信号
[2025-05-02 17:47:08] [DEBUG] 已连接connection_result信号
[2025-05-02 17:47:08] [DEBUG] 已连接config_result信号
[2025-05-02 17:47:08] [DEBUG] 已连接log_message信号
[2025-05-02 17:47:08] 批量配置地址工具已启动
[2025-05-02 17:47:08] 已加载 11 个设备
[2025-05-02 17:59:56] [DEBUG] 连接控制器信号
[2025-05-02 17:59:56] [DEBUG] 已连接connection_result信号
[2025-05-02 17:59:56] [DEBUG] 已连接config_result信号
[2025-05-02 17:59:56] [DEBUG] 已连接log_message信号
[2025-05-02 17:59:56] 批量配置地址工具已启动
[2025-05-02 17:59:56] 已加载 11 个设备
[2025-05-02 19:25:38] [DEBUG] 连接控制器信号
[2025-05-02 19:25:38] [DEBUG] 已连接connection_result信号
[2025-05-02 19:25:38] [DEBUG] 已连接config_result信号
[2025-05-02 19:25:38] [DEBUG] 已连接log_message信号
[2025-05-02 19:25:38] 批量配置地址工具已启动
[2025-05-02 19:25:38] 已加载 11 个设备
[2025-05-02 20:12:29] [DEBUG] 连接控制器信号
[2025-05-02 20:12:29] [DEBUG] 已连接connection_result信号
[2025-05-02 20:12:29] [DEBUG] 已连接config_result信号
[2025-05-02 20:12:29] [DEBUG] 已连接log_message信号
[2025-05-02 20:12:29] 批量配置地址工具已启动
[2025-05-02 20:12:29] 已加载 11 个设备
[2025-05-02 20:33:15] [DEBUG] 连接控制器信号
[2025-05-02 20:33:15] [DEBUG] 已连接connection_result信号
[2025-05-02 20:33:15] [DEBUG] 已连接config_result信号
[2025-05-02 20:33:15] [DEBUG] 已连接log_message信号
[2025-05-02 20:33:15] 批量配置地址工具已启动
[2025-05-02 20:33:15] 已加载 11 个设备
[2025-05-02 20:59:12] [DEBUG] 连接控制器信号
[2025-05-02 20:59:12] [DEBUG] 已连接connection_result信号
[2025-05-02 20:59:12] [DEBUG] 已连接config_result信号
[2025-05-02 20:59:12] [DEBUG] 已连接log_message信号
[2025-05-02 20:59:12] 批量配置地址工具已启动
[2025-05-02 20:59:12] 已加载 11 个设备
[2025-05-02 21:08:50] [DEBUG] 连接控制器信号
[2025-05-02 21:08:50] [DEBUG] 已连接connection_result信号
[2025-05-02 21:08:50] [DEBUG] 已连接config_result信号
[2025-05-02 21:08:50] [DEBUG] 已连接log_message信号
[2025-05-02 21:08:50] 批量配置地址工具已启动
[2025-05-02 21:08:50] 已加载 11 个设备
[2025-05-02 21:17:49] [DEBUG] 连接控制器信号
[2025-05-02 21:17:49] [DEBUG] 已连接connection_result信号
[2025-05-02 21:17:49] [DEBUG] 已连接config_result信号
[2025-05-02 21:17:49] [DEBUG] 已连接log_message信号
[2025-05-02 21:17:49] 批量配置地址工具已启动
[2025-05-02 21:17:49] 已加载 11 个设备
[2025-05-02 21:19:49] [DEBUG] 连接控制器信号
[2025-05-02 21:19:49] [DEBUG] 已连接connection_result信号
[2025-05-02 21:19:49] [DEBUG] 已连接config_result信号
[2025-05-02 21:19:49] [DEBUG] 已连接log_message信号
[2025-05-02 21:19:49] 批量配置地址工具已启动
[2025-05-02 21:19:49] 已加载 11 个设备
[2025-05-02 21:20:28] [DEBUG] 连接控制器信号
[2025-05-02 21:20:28] [DEBUG] 已连接connection_result信号
[2025-05-02 21:20:28] [DEBUG] 已连接config_result信号
[2025-05-02 21:20:28] [DEBUG] 已连接log_message信号
[2025-05-02 21:20:28] 批量配置地址工具已启动
[2025-05-02 21:20:28] 已加载 11 个设备
[2025-05-02 21:23:23] [DEBUG] 连接控制器信号
[2025-05-02 21:23:23] [DEBUG] 已连接connection_result信号
[2025-05-02 21:23:23] [DEBUG] 已连接config_result信号
[2025-05-02 21:23:23] [DEBUG] 已连接log_message信号
[2025-05-02 21:23:23] 批量配置地址工具已启动
[2025-05-02 21:23:23] 已加载 11 个设备
[2025-05-02 21:24:18] [DEBUG] 连接控制器信号
[2025-05-02 21:24:18] [DEBUG] 已连接connection_result信号
[2025-05-02 21:24:18] [DEBUG] 已连接config_result信号
[2025-05-02 21:24:18] [DEBUG] 已连接log_message信号
[2025-05-02 21:24:18] 批量配置地址工具已启动
[2025-05-02 21:24:18] 已加载 11 个设备
[2025-05-02 21:55:26] [DEBUG] 连接控制器信号
[2025-05-02 21:55:26] [DEBUG] 已连接connection_result信号
[2025-05-02 21:55:26] [DEBUG] 已连接config_result信号
[2025-05-02 21:55:26] [DEBUG] 已连接log_message信号
[2025-05-02 21:55:26] 批量配置地址工具已启动
[2025-05-02 21:55:26] 已加载 11 个设备
[2025-05-02 22:24:21] [DEBUG] 连接控制器信号
[2025-05-02 22:24:21] [DEBUG] 已连接connection_result信号
[2025-05-02 22:24:21] [DEBUG] 已连接config_result信号
[2025-05-02 22:24:21] [DEBUG] 已连接log_message信号
[2025-05-02 22:24:21] 批量配置地址工具已启动
[2025-05-02 22:24:21] 已加载 11 个设备
[2025-05-02 22:33:21] [DEBUG] 连接控制器信号
[2025-05-02 22:33:21] [DEBUG] 已连接connection_result信号
[2025-05-02 22:33:21] [DEBUG] 已连接config_result信号
[2025-05-02 22:33:21] [DEBUG] 已连接log_message信号
[2025-05-02 22:33:21] 批量配置地址工具已启动
[2025-05-02 22:33:21] 已加载 11 个设备
[2025-05-02 22:41:46] [DEBUG] 连接控制器信号
[2025-05-02 22:41:46] [DEBUG] 已连接connection_result信号
[2025-05-02 22:41:46] [DEBUG] 已连接config_result信号
[2025-05-02 22:41:46] [DEBUG] 已连接log_message信号
[2025-05-02 22:41:46] 批量配置地址工具已启动
[2025-05-02 22:41:46] 已加载 11 个设备
[2025-05-02 23:10:21] [DEBUG] 连接控制器信号
[2025-05-02 23:10:21] [DEBUG] 已连接connection_result信号
[2025-05-02 23:10:21] [DEBUG] 已连接config_result信号
[2025-05-02 23:10:21] [DEBUG] 已连接log_message信号
[2025-05-02 23:10:21] 批量配置地址工具已启动
[2025-05-02 23:10:21] 已加载 11 个设备
[2025-05-14 18:45:33] [DEBUG] 连接控制器信号
[2025-05-14 18:45:33] [DEBUG] 已连接connection_result信号
[2025-05-14 18:45:33] [DEBUG] 已连接config_result信号
[2025-05-14 18:45:33] [DEBUG] 已连接log_message信号
[2025-05-14 18:45:33] 批量配置地址工具已启动
[2025-05-14 18:45:33] 已加载 11 个设备
[2025-05-15 21:02:53] [DEBUG] 连接控制器信号
[2025-05-15 21:02:53] [DEBUG] 已连接connection_result信号
[2025-05-15 21:02:53] [DEBUG] 已连接config_result信号
[2025-05-15 21:02:53] [DEBUG] 已连接log_message信号
[2025-05-15 21:02:53] 批量配置地址工具已启动
[2025-05-15 21:02:53] 已加载 11 个设备
[2025-05-15 21:06:03] [DEBUG] 连接控制器信号
[2025-05-15 21:06:03] [DEBUG] 已连接connection_result信号
[2025-05-15 21:06:03] [DEBUG] 已连接config_result信号
[2025-05-15 21:06:03] [DEBUG] 已连接log_message信号
[2025-05-15 21:06:03] 批量配置地址工具已启动
[2025-05-15 21:06:03] 已加载 11 个设备
[2025-05-15 21:08:13] [DEBUG] 连接控制器信号
[2025-05-15 21:08:13] [DEBUG] 已连接connection_result信号
[2025-05-15 21:08:13] [DEBUG] 已连接config_result信号
[2025-05-15 21:08:13] [DEBUG] 已连接log_message信号
[2025-05-15 21:08:13] 批量配置地址工具已启动
[2025-05-15 21:08:13] 已加载 11 个设备
[2025-05-15 21:10:31] [DEBUG] 连接控制器信号
[2025-05-15 21:10:31] [DEBUG] 已连接connection_result信号
[2025-05-15 21:10:31] [DEBUG] 已连接config_result信号
[2025-05-15 21:10:31] [DEBUG] 已连接log_message信号
[2025-05-15 21:10:31] 批量配置地址工具已启动
[2025-05-15 21:10:31] 已加载 11 个设备
[2025-05-15 21:12:43] [DEBUG] 连接控制器信号
[2025-05-15 21:12:43] [DEBUG] 已连接connection_result信号
[2025-05-15 21:12:43] [DEBUG] 已连接config_result信号
[2025-05-15 21:12:43] [DEBUG] 已连接log_message信号
[2025-05-15 21:12:43] 批量配置地址工具已启动
[2025-05-15 21:12:43] 已加载 11 个设备
[2025-05-15 21:14:19] [DEBUG] 连接控制器信号
[2025-05-15 21:14:19] [DEBUG] 已连接connection_result信号
[2025-05-15 21:14:19] [DEBUG] 已连接config_result信号
[2025-05-15 21:14:19] [DEBUG] 已连接log_message信号
[2025-05-15 21:14:19] 批量配置地址工具已启动
[2025-05-15 21:14:19] 已加载 11 个设备
[2025-05-15 21:17:16] [DEBUG] 连接控制器信号
[2025-05-15 21:17:16] [DEBUG] 已连接connection_result信号
[2025-05-15 21:17:16] [DEBUG] 已连接config_result信号
[2025-05-15 21:17:16] [DEBUG] 已连接log_message信号
[2025-05-15 21:17:16] 批量配置地址工具已启动
[2025-05-15 21:17:16] 已加载 11 个设备
[2025-05-15 21:18:57] [DEBUG] 连接控制器信号
[2025-05-15 21:18:57] [DEBUG] 已连接connection_result信号
[2025-05-15 21:18:57] [DEBUG] 已连接config_result信号
[2025-05-15 21:18:57] [DEBUG] 已连接log_message信号
[2025-05-15 21:18:57] 批量配置地址工具已启动
[2025-05-15 21:18:57] 已加载 11 个设备
[2025-05-15 21:20:39] [DEBUG] 连接控制器信号
[2025-05-15 21:20:39] [DEBUG] 已连接connection_result信号
[2025-05-15 21:20:39] [DEBUG] 已连接config_result信号
[2025-05-15 21:20:39] [DEBUG] 已连接log_message信号
[2025-05-15 21:20:39] 批量配置地址工具已启动
[2025-05-15 21:20:39] 已加载 11 个设备
[2025-05-15 21:22:08] [DEBUG] 连接控制器信号
[2025-05-15 21:22:08] [DEBUG] 已连接connection_result信号
[2025-05-15 21:22:08] [DEBUG] 已连接config_result信号
[2025-05-15 21:22:08] [DEBUG] 已连接log_message信号
[2025-05-15 21:22:08] 批量配置地址工具已启动
[2025-05-15 21:22:08] 已加载 11 个设备
[2025-05-15 21:25:04] [DEBUG] 连接控制器信号
[2025-05-15 21:25:04] [DEBUG] 已连接connection_result信号
[2025-05-15 21:25:04] [DEBUG] 已连接config_result信号
[2025-05-15 21:25:04] [DEBUG] 已连接log_message信号
[2025-05-15 21:25:04] 批量配置地址工具已启动
[2025-05-15 21:25:04] 已加载 11 个设备
[2025-05-15 21:25:36] [DEBUG] 连接控制器信号
[2025-05-15 21:25:36] [DEBUG] 已连接connection_result信号
[2025-05-15 21:25:36] [DEBUG] 已连接config_result信号
[2025-05-15 21:25:36] [DEBUG] 已连接log_message信号
[2025-05-15 21:25:36] 批量配置地址工具已启动
[2025-05-15 21:25:36] 已加载 11 个设备
[2025-05-15 21:28:26] [DEBUG] 连接控制器信号
[2025-05-15 21:28:26] [DEBUG] 已连接connection_result信号
[2025-05-15 21:28:26] [DEBUG] 已连接config_result信号
[2025-05-15 21:28:26] [DEBUG] 已连接log_message信号
[2025-05-15 21:28:26] 批量配置地址工具已启动
[2025-05-15 21:28:26] 已加载 11 个设备
[2025-05-15 21:28:54] [DEBUG] 连接控制器信号
[2025-05-15 21:28:54] [DEBUG] 已连接connection_result信号
[2025-05-15 21:28:54] [DEBUG] 已连接config_result信号
[2025-05-15 21:28:54] [DEBUG] 已连接log_message信号
[2025-05-15 21:28:54] 批量配置地址工具已启动
[2025-05-15 21:28:54] 已加载 11 个设备
[2025-05-15 21:32:23] [DEBUG] 连接控制器信号
[2025-05-15 21:32:23] [DEBUG] 已连接connection_result信号
[2025-05-15 21:32:23] [DEBUG] 已连接config_result信号
[2025-05-15 21:32:23] [DEBUG] 已连接log_message信号
[2025-05-15 21:32:23] 批量配置地址工具已启动
[2025-05-15 21:32:23] 已加载 11 个设备
[2025-05-15 21:34:49] [DEBUG] 连接控制器信号
[2025-05-15 21:34:49] [DEBUG] 已连接connection_result信号
[2025-05-15 21:34:49] [DEBUG] 已连接config_result信号
[2025-05-15 21:34:49] [DEBUG] 已连接log_message信号
[2025-05-15 21:34:49] 批量配置地址工具已启动
[2025-05-15 21:34:49] 已加载 11 个设备
[2025-05-15 21:34:54] [DEBUG] 连接控制器信号
[2025-05-15 21:34:54] [DEBUG] 已连接connection_result信号
[2025-05-15 21:34:54] [DEBUG] 已连接config_result信号
[2025-05-15 21:34:54] [DEBUG] 已连接log_message信号
[2025-05-15 21:34:54] 批量配置地址工具已启动
[2025-05-15 21:34:54] 已加载 11 个设备
[2025-05-15 21:37:42] [DEBUG] 连接控制器信号
[2025-05-15 21:37:42] [DEBUG] 已连接connection_result信号
[2025-05-15 21:37:42] [DEBUG] 已连接config_result信号
[2025-05-15 21:37:42] [DEBUG] 已连接log_message信号
[2025-05-15 21:37:42] 批量配置地址工具已启动
[2025-05-15 21:37:42] 已加载 11 个设备
[2025-05-15 21:39:11] [DEBUG] 连接控制器信号
[2025-05-15 21:39:11] [DEBUG] 已连接connection_result信号
[2025-05-15 21:39:11] [DEBUG] 已连接config_result信号
[2025-05-15 21:39:11] [DEBUG] 已连接log_message信号
[2025-05-15 21:39:11] 批量配置地址工具已启动
[2025-05-15 21:39:11] 已加载 11 个设备
[2025-05-15 21:40:21] [DEBUG] 连接控制器信号
[2025-05-15 21:40:21] [DEBUG] 已连接connection_result信号
[2025-05-15 21:40:21] [DEBUG] 已连接config_result信号
[2025-05-15 21:40:21] [DEBUG] 已连接log_message信号
[2025-05-15 21:40:21] 批量配置地址工具已启动
[2025-05-15 21:40:21] 已加载 11 个设备
[2025-05-15 21:40:44] [DEBUG] 连接控制器信号
[2025-05-15 21:40:44] [DEBUG] 已连接connection_result信号
[2025-05-15 21:40:44] [DEBUG] 已连接config_result信号
[2025-05-15 21:40:44] [DEBUG] 已连接log_message信号
[2025-05-15 21:40:44] 批量配置地址工具已启动
[2025-05-15 21:40:44] 已加载 11 个设备
[2025-05-15 21:40:57] [DEBUG] 连接控制器信号
[2025-05-15 21:40:57] [DEBUG] 已连接connection_result信号
[2025-05-15 21:40:57] [DEBUG] 已连接config_result信号
[2025-05-15 21:40:57] [DEBUG] 已连接log_message信号
[2025-05-15 21:40:57] 批量配置地址工具已启动
[2025-05-15 21:40:57] 已加载 11 个设备
[2025-05-15 21:41:14] [DEBUG] 连接控制器信号
[2025-05-15 21:41:14] [DEBUG] 已连接connection_result信号
[2025-05-15 21:41:14] [DEBUG] 已连接config_result信号
[2025-05-15 21:41:14] [DEBUG] 已连接log_message信号
[2025-05-15 21:41:14] 批量配置地址工具已启动
[2025-05-15 21:41:14] 已加载 11 个设备
[2025-05-15 21:42:04] [DEBUG] 连接控制器信号
[2025-05-15 21:42:04] [DEBUG] 已连接connection_result信号
[2025-05-15 21:42:04] [DEBUG] 已连接config_result信号
[2025-05-15 21:42:04] [DEBUG] 已连接log_message信号
[2025-05-15 21:42:04] 批量配置地址工具已启动
[2025-05-15 21:42:04] 已加载 11 个设备
[2025-05-15 21:42:27] [DEBUG] 连接控制器信号
[2025-05-15 21:42:27] [DEBUG] 已连接connection_result信号
[2025-05-15 21:42:27] [DEBUG] 已连接config_result信号
[2025-05-15 21:42:27] [DEBUG] 已连接log_message信号
[2025-05-15 21:42:27] 批量配置地址工具已启动
[2025-05-15 21:42:27] 已加载 11 个设备
[2025-05-15 21:54:58] [DEBUG] 连接控制器信号
[2025-05-15 21:54:58] [DEBUG] 已连接connection_result信号
[2025-05-15 21:54:58] [DEBUG] 已连接config_result信号
[2025-05-15 21:54:58] [DEBUG] 已连接log_message信号
[2025-05-15 21:54:58] 批量配置地址工具已启动
[2025-05-15 21:54:58] 已加载 11 个设备
[2025-05-15 21:59:12] [DEBUG] 连接控制器信号
[2025-05-15 21:59:12] [DEBUG] 已连接connection_result信号
[2025-05-15 21:59:12] [DEBUG] 已连接config_result信号
[2025-05-15 21:59:12] [DEBUG] 已连接log_message信号
[2025-05-15 21:59:12] 批量配置地址工具已启动
[2025-05-15 21:59:12] 已加载 11 个设备
[2025-05-15 21:59:41] [DEBUG] 连接控制器信号
[2025-05-15 21:59:41] [DEBUG] 已连接connection_result信号
[2025-05-15 21:59:41] [DEBUG] 已连接config_result信号
[2025-05-15 21:59:41] [DEBUG] 已连接log_message信号
[2025-05-15 21:59:41] 批量配置地址工具已启动
[2025-05-15 21:59:41] 已加载 11 个设备
[2025-05-15 22:00:28] [DEBUG] 连接控制器信号
[2025-05-15 22:00:28] [DEBUG] 已连接connection_result信号
[2025-05-15 22:00:28] [DEBUG] 已连接config_result信号
[2025-05-15 22:00:28] [DEBUG] 已连接log_message信号
[2025-05-15 22:00:28] 批量配置地址工具已启动
[2025-05-15 22:00:28] 已加载 11 个设备
[2025-05-15 22:05:49] [DEBUG] 连接控制器信号
[2025-05-15 22:05:49] [DEBUG] 已连接connection_result信号
[2025-05-15 22:05:49] [DEBUG] 已连接config_result信号
[2025-05-15 22:05:49] [DEBUG] 已连接log_message信号
[2025-05-15 22:05:49] 批量配置地址工具已启动
[2025-05-15 22:05:49] 已加载 11 个设备
[2025-05-15 22:07:44] [DEBUG] 连接控制器信号
[2025-05-15 22:07:44] [DEBUG] 已连接connection_result信号
[2025-05-15 22:07:44] [DEBUG] 已连接config_result信号
[2025-05-15 22:07:44] [DEBUG] 已连接log_message信号
[2025-05-15 22:07:44] 批量配置地址工具已启动
[2025-05-15 22:07:44] 已加载 11 个设备
[2025-05-15 22:20:24] [DEBUG] 连接控制器信号
[2025-05-15 22:20:24] [DEBUG] 已连接connection_result信号
[2025-05-15 22:20:24] [DEBUG] 已连接config_result信号
[2025-05-15 22:20:24] [DEBUG] 已连接log_message信号
[2025-05-15 22:20:24] 批量配置地址工具已启动
[2025-05-15 22:20:24] 已加载 14 个设备
[2025-05-15 22:22:34] [DEBUG] 连接控制器信号
[2025-05-15 22:22:34] [DEBUG] 已连接connection_result信号
[2025-05-15 22:22:34] [DEBUG] 已连接config_result信号
[2025-05-15 22:22:34] [DEBUG] 已连接log_message信号
[2025-05-15 22:22:34] 批量配置地址工具已启动
[2025-05-15 22:22:34] 已加载 14 个设备
[2025-05-15 22:28:42] [DEBUG] 连接控制器信号
[2025-05-15 22:28:42] [DEBUG] 已连接connection_result信号
[2025-05-15 22:28:42] [DEBUG] 已连接config_result信号
[2025-05-15 22:28:42] [DEBUG] 已连接log_message信号
[2025-05-15 22:28:42] 批量配置地址工具已启动
[2025-05-15 22:28:42] 已加载 14 个设备
[2025-05-15 22:32:55] [DEBUG] 连接控制器信号
[2025-05-15 22:32:55] [DEBUG] 已连接connection_result信号
[2025-05-15 22:32:55] [DEBUG] 已连接config_result信号
[2025-05-15 22:32:55] [DEBUG] 已连接log_message信号
[2025-05-15 22:32:55] 批量配置地址工具已启动
[2025-05-15 22:32:55] 已加载 14 个设备
[2025-05-15 22:37:02] [DEBUG] 连接控制器信号
[2025-05-15 22:37:02] [DEBUG] 已连接connection_result信号
[2025-05-15 22:37:02] [DEBUG] 已连接config_result信号
[2025-05-15 22:37:02] [DEBUG] 已连接log_message信号
[2025-05-15 22:37:02] 批量配置地址工具已启动
[2025-05-15 22:37:02] 已加载 14 个设备
[2025-05-15 22:46:57] [DEBUG] 连接控制器信号
[2025-05-15 22:46:57] [DEBUG] 已连接connection_result信号
[2025-05-15 22:46:57] [DEBUG] 已连接config_result信号
[2025-05-15 22:46:57] [DEBUG] 已连接log_message信号
[2025-05-15 22:46:57] 批量配置地址工具已启动
[2025-05-15 22:46:57] 已加载 14 个设备
