[2025-05-02 14:41:58] ==================================================
[2025-05-02 14:41:58] 任务管理服务启动中...
[2025-05-02 14:41:58] 轮询间隔: 5.0秒
[2025-05-02 14:41:58] 调试模式: 启用
[2025-05-02 14:41:58] ==================================================
[2025-05-02 14:41:58] 任务管理器已初始化
[2025-05-02 14:41:58] 任务管理器已启动
[2025-05-02 14:41:58] 已注册任务处理器: dhcp_config
[2025-05-02 14:41:58] 已注册任务处理器: device_config
[2025-05-02 14:44:51] ==================================================
[2025-05-02 14:44:51] 任务管理服务启动中...
[2025-05-02 14:44:51] 轮询间隔: 5.0秒
[2025-05-02 14:44:51] 调试模式: 禁用
[2025-05-02 14:44:51] ==================================================
[2025-05-02 14:44:51] 任务管理器已初始化
[2025-05-02 14:44:51] 任务管理器已启动
[2025-05-02 14:44:51] 任务处理线程已启动
[2025-05-02 14:44:51] 已注册任务处理器: dhcp_config
[2025-05-02 14:44:51] 已注册任务处理器: device_config
[2025-05-02 14:45:04] 收到信号 2，准备停止...
[2025-05-02 14:45:04] 任务管理器已停止
[2025-05-02 14:45:04] 任务管理器已停止
[2025-05-02 14:45:04] 任务管理服务已停止
