


Login authentication


Username:********
Password:
Info: The max number of VTY users is 5, and the number
      of current VTY users on line is ********.
      The current login time is 2025-04-28 ********5:5********:44.
<LSW********>
<LSW********>
<LSW********>screen-length 0 temporary
Info: The configuration takes effect on the current user terminal interface only.
<LSW********>display version
Huawei Versatile Routing Platform Software
VRP (R) software, Version 5.****************0 (S5700 V200R00********C00)
Copyright (c) 2000-20**************** HUAWEI TECH CO., LTD

Quidway S5700-28C-HI Routing Switch uptime is 0 week, 0 day, 0 hour, ********4 minutes
<LSW********>
<LSW********>system-view
Enter system view, return user view with Ctrl+Z.
[LSW********]
[LSW********]system-view
      ^
Error: Unrecognized command found at '^' position.
[LSW********]
[LSW********]return
<LSW********>
<LSW********>
<LSW********>quit
