


Login authentication


Username:********
Password:
Info: The max number of VTY users is 5, and the number
      of current VTY users on line is ********.
      The current login time is 2025-04-28 ********6:********5:59.
<LSW2>
<LSW2>
<LSW2>screen-length 0 temporary
Info: The configuration takes effect on the current user terminal interface only.
<LSW2>display version
Huawei Versatile Routing Platform Software
VRP (R) software, Version 5.****************0 (S5700 V200R00********C00)
Copyright (c) 2000-20**************** HUAWEI TECH CO., LTD

Quidway S5700-28C-HI Routing Switch uptime is 0 week, 0 day, 0 hour, 38 minutes
<LSW2>system-view
Enter system view, return user view with Ctrl+Z.
[LSW2]ip pool zg2
Info:It's successful to create an IP address pool.
[LSW2-ip-pool-zg2]network ********92.********68.67.0 mask 255.255.255.0
[LSW2-ip-pool-zg2]excluded-ip-addres ********92.********68.67.2
[LSW2-ip-pool-zg2]dns-list 8.8.8.8
[LSW2-ip-pool-zg2]gateway-list ********92.********68.67.********
[LSW2-ip-pool-zg2]quit
[LSW2]quit
<LSW2>
<LSW2>quit
