


Login authentication


Username:********
Password:
Info: The max number of VTY users is 5, and the number
      of current VTY users on line is 3.
      The current login time is 2025-05-02 20:46:********0.
<LSW********>
<LSW********>
<LSW********>screen-length 0 temporary
Info: The configuration takes effect on the current user terminal interface only.
<LSW********>display version
Huawei Versatile Routing Platform Software
VRP (R) software, Version 5.****************0 (S5700 V200R00********C00)
Copyright (c) 2000-20**************** HUAWEI TECH CO., LTD

Quidway S5700-28C-HI Routing Switch uptime is 0 week, 0 day, 7 hours, 57 minutes
<LSW********>system-view
Enter system view, return user view with Ctrl+Z.
[LSW********]ip pool zggg
Info:It's successful to create an IP address pool.
[LSW********-ip-pool-zggg]network ********92.********68.********.0 mask 255.255.255.0
[LSW********-ip-pool-zggg]excluded-ip-address ********92.********68.********.********
[LSW********-ip-pool-zggg]dns-list 8.8.8.8
[LSW********-ip-pool-zggg]quit
[LSW********]quit
<LSW********>
<LSW********>quit
