

Login authentication


Username:********
Password:
Info: The max number of VTY users is 5, and the number
      of current VTY users on line is ********.
      The current login time is 2025-04-28 ********5:49:********4.
<LSW********>
<LSW********>terminal width 5****************
               ^
Error: Unrecognized command found at '^' position.
<LSW********>terminal length 0
               ^
Error: Unrecognized command found at '^' position.
<LSW********>
<LSW********>
<LSW********>enable
      ^
Error: Unrecognized command found at '^' position.
<LSW********>
<LSW********>display version
Huawei Versatile Routing Platform Software
VRP (R) software, Version 5.****************0 (S5700 V200R00********C00)
Copyright (c) 2000-20**************** HUAWEI TECH CO., LTD

Quidway S5700-28C-HI Routing Switch uptime is 0 week, 0 day, 0 hour, ********2 minutes
<LSW********>
<LSW********>configure terminal
      ^
Error: Unrecognized command found at '^' position.
<LSW********>
<LSW********>
<LSW********>configure terminal
      ^
Error: Unrecognized command found at '^' position.
<LSW********>
<LSW********>
<LSW********>configure terminal
      ^
Error: Unrecognized command found at '^' position.
<LSW********>
<LSW********>
<LSW********>configure terminal
      ^
Error: Unrecognized command found at '^' position.
<LSW********>
<LSW********>
<LSW********>configure terminal
      ^
Error: Unrecognized command found at '^' position.
<LSW********>
<LSW********>
<LSW********>configure terminal
      ^
Error: Unrecognized command found at '^' position.
<LSW********>
<LSW********>
<LSW********>configure terminal
      ^
Error: Unrecognized command found at '^' position.
<LSW********>
<LSW********>
<LSW********>configure terminal
      ^
Error: Unrecognized command found at '^' position.
<LSW********>
<LSW********>
<LSW********>configure terminal
      ^
Error: Unrecognized command found at '^' position.
<LSW********>
<LSW********>
<LSW********>configure terminal
      ^
Error: Unrecognized command found at '^' position.
<LSW********>
<LSW********>
<LSW********>configure terminal
      ^
Error: Unrecognized command found at '^' position.
<LSW********>
<LSW********>
<LSW********>exit
